<?xml version="1.0" encoding="utf-8"?>
<CoverageSession xmlns:xsd="http://www.w3.org/2001/XMLSchema" xmlns:xsi="http://www.w3.org/2001/XMLSchema-instance" Version="4.7.922.0">
  <Summary numSequencePoints="1374" visitedSequencePoints="19" numBranchPoints="508" visitedBranchPoints="7" sequenceCoverage="1.38" branchCoverage="1.38" maxCyclomaticComplexity="47" minCyclomaticComplexity="1" maxCrapScore="2256" minCrapScore="1" visitedClasses="2" numClasses="25" visitedMethods="3" numMethods="182" />
  <Modules>
    <Module hash="0D-6D-A6-77-39-1C-C2-DE-F2-B6-7A-5F-8F-79-BB-33-F9-36-40-17">
      <Summary numSequencePoints="5" visitedSequencePoints="5" numBranchPoints="1" visitedBranchPoints="1" sequenceCoverage="100" branchCoverage="100" maxCyclomaticComplexity="1" minCyclomaticComplexity="1" maxCrapScore="2" minCrapScore="1" visitedClasses="1" numClasses="1" visitedMethods="1" numMethods="1" />
      <ModulePath>C:\Users\Asus\source\repos\WorldOfTabks23\UnitTests\bin\Debug\fine-code-coverage\build-output\UnitTests.dll</ModulePath>
      <ModuleTime>2023-05-22T05:33:56.9341664Z</ModuleTime>
      <ModuleName>UnitTests</ModuleName>
      <Files>
        <File uid="1" fullPath="C:\Users\Asus\source\repos\WorldOfTabks23\UnitTests\TestTextures.cs" />
      </Files>
      <Classes>
        <Class>
          <Summary numSequencePoints="5" visitedSequencePoints="5" numBranchPoints="1" visitedBranchPoints="1" sequenceCoverage="100" branchCoverage="100" maxCyclomaticComplexity="1" minCyclomaticComplexity="1" maxCrapScore="2" minCrapScore="1" visitedClasses="1" numClasses="1" visitedMethods="1" numMethods="1" />
          <FullName>TestTank.TestTextures</FullName>
          <Methods>
            <Method visited="true" cyclomaticComplexity="1" nPathComplexity="0" sequenceCoverage="100" branchCoverage="100" crapScore="1" isConstructor="false" isStatic="false" isGetter="false" isSetter="false">
              <Summary numSequencePoints="5" visitedSequencePoints="5" numBranchPoints="1" visitedBranchPoints="1" sequenceCoverage="100" branchCoverage="100" maxCyclomaticComplexity="1" minCyclomaticComplexity="1" maxCrapScore="1" minCrapScore="1" visitedClasses="0" numClasses="0" visitedMethods="1" numMethods="1" />
              <MetadataToken>100663297</MetadataToken>
              <Name>System.Void TestTank.TestTextures::TestCheckAmmoCount(System.Int32,System.String)</Name>
              <FileRef uid="1" />
              <SequencePoints>
                <SequencePoint vc="15" uspid="1" ordinal="0" offset="0" sl="30" sc="9" el="30" ec="10" bec="0" bev="0" fileid="1" />
                <SequencePoint vc="15" uspid="2" ordinal="1" offset="1" sl="31" sc="13" el="31" ec="69" bec="0" bev="0" fileid="1" />
                <SequencePoint vc="15" uspid="3" ordinal="2" offset="7" sl="32" sc="13" el="32" ec="65" bec="0" bev="0" fileid="1" />
                <SequencePoint vc="15" uspid="4" ordinal="3" offset="15" sl="33" sc="13" el="33" ec="47" bec="0" bev="0" fileid="1" />
                <SequencePoint vc="15" uspid="5" ordinal="4" offset="23" sl="34" sc="9" el="34" ec="10" bec="0" bev="0" fileid="1" />
              </SequencePoints>
              <BranchPoints />
              <MethodPoint xsi:type="SequencePoint" vc="15" uspid="1" ordinal="0" offset="0" sl="30" sc="9" el="30" ec="10" bec="0" bev="0" fileid="1" />
            </Method>
            <Method visited="false" cyclomaticComplexity="1" nPathComplexity="0" sequenceCoverage="0" branchCoverage="0" crapScore="2" isConstructor="true" isStatic="false" isGetter="false" isSetter="false">
              <Summary numSequencePoints="0" visitedSequencePoints="0" numBranchPoints="0" visitedBranchPoints="0" sequenceCoverage="0" branchCoverage="0" maxCyclomaticComplexity="1" minCyclomaticComplexity="1" maxCrapScore="2" minCrapScore="2" visitedClasses="0" numClasses="0" visitedMethods="0" numMethods="0" />
              <MetadataToken>100663298</MetadataToken>
              <Name>System.Void TestTank.TestTextures::.ctor()</Name>
              <SequencePoints />
              <BranchPoints />
              <MethodPoint vc="0" uspid="6" ordinal="0" offset="0" />
            </Method>
          </Methods>
        </Class>
      </Classes>
    </Module>
    <Module hash="54-18-0B-96-F4-90-A3-57-2B-9F-BA-FF-E6-5C-C4-64-0F-FF-D4-17">
      <Summary numSequencePoints="1369" visitedSequencePoints="14" numBranchPoints="507" visitedBranchPoints="6" sequenceCoverage="1.02" branchCoverage="1.18" maxCyclomaticComplexity="47" minCyclomaticComplexity="1" maxCrapScore="2256" minCrapScore="1" visitedClasses="1" numClasses="24" visitedMethods="2" numMethods="181" />
      <ModulePath>C:\Users\Asus\source\repos\WorldOfTabks23\UnitTests\bin\Debug\fine-code-coverage\build-output\WorldOfTanks2.exe</ModulePath>
      <ModuleTime>2023-05-22T04:24:28.4815006Z</ModuleTime>
      <ModuleName>WorldOfTanks2</ModuleName>
      <Files>
        <File uid="3" fullPath="C:\Users\Asus\source\repos\WorldOfTabks23\WorldOfTanks2\WorldOfTanks2\InteractionWithGameScene\Textures.cs" />
        <File uid="4" fullPath="C:\Users\Asus\source\repos\WorldOfTabks23\WorldOfTanks2\WorldOfTanks2\GameObjects\Amo.cs" />
        <File uid="5" fullPath="C:\Users\Asus\source\repos\WorldOfTabks23\WorldOfTanks2\WorldOfTanks2\InteractionWithGameScene\Action.cs" />
        <File uid="6" fullPath="C:\Users\Asus\source\repos\WorldOfTabks23\WorldOfTanks2\WorldOfTanks2\GameObjects\Barrier.cs" />
        <File uid="7" fullPath="C:\Users\Asus\source\repos\WorldOfTabks23\WorldOfTanks2\WorldOfTanks2\InteractionWithGameScene\Collider.cs" />
        <File uid="8" fullPath="C:\Users\Asus\source\repos\WorldOfTabks23\WorldOfTanks2\WorldOfTanks2\Debuffs\Mud.cs" />
        <File uid="9" fullPath="C:\Users\Asus\source\repos\WorldOfTabks23\WorldOfTanks2\WorldOfTanks2\Weapons\Machinegun.cs" />
        <File uid="10" fullPath="C:\Users\Asus\source\repos\WorldOfTabks23\WorldOfTanks2\WorldOfTanks2\Debuffs\Mist.cs" />
        <File uid="11" fullPath="C:\Users\Asus\source\repos\WorldOfTabks23\WorldOfTanks2\WorldOfTanks2\InteractionWithGameScene\PlayersStatistics.cs" />
        <File uid="12" fullPath="C:\Users\Asus\source\repos\WorldOfTabks23\WorldOfTanks2\WorldOfTanks2\InteractionWithGameScene\SceneIvents.cs" />
        <File uid="13" fullPath="C:\Users\Asus\source\repos\WorldOfTabks23\WorldOfTanks2\WorldOfTanks2\Weapons\Trunk.cs" />
        <File uid="14" fullPath="C:\Users\Asus\source\repos\WorldOfTabks23\WorldOfTanks2\WorldOfTanks2\GameObjects\Wall.cs" />
        <File uid="15" fullPath="C:\Users\Asus\source\repos\WorldOfTabks23\WorldOfTanks2\WorldOfTanks2\Mazes\Maze.cs" />
        <File uid="16" fullPath="C:\Users\Asus\source\repos\WorldOfTabks23\WorldOfTanks2\WorldOfTanks2\GameObjects\BaseTank.cs" />
        <File uid="17" fullPath="C:\Users\Asus\source\repos\WorldOfTabks23\WorldOfTanks2\WorldOfTanks2\Scenes\Scene.cs" />
        <File uid="18" fullPath="C:\Users\Asus\source\repos\WorldOfTabks23\WorldOfTanks2\WorldOfTanks2\GameObjects\GameObject.cs" />
        <File uid="19" fullPath="C:\Users\Asus\source\repos\WorldOfTabks23\WorldOfTanks2\WorldOfTanks2\Form1.Designer.cs" />
        <File uid="20" fullPath="C:\Users\Asus\source\repos\WorldOfTabks23\WorldOfTanks2\WorldOfTanks2\Form1.cs" />
        <File uid="21" fullPath="C:\Users\Asus\source\repos\WorldOfTabks23\WorldOfTanks2\WorldOfTanks2\Program.cs" />
        <File uid="22" fullPath="C:\Users\Asus\source\repos\WorldOfTabks23\WorldOfTanks2\WorldOfTanks2\Scenes\ObjectsTextures.cs" />
        <File uid="23" fullPath="C:\Users\Asus\source\repos\WorldOfTabks23\WorldOfTanks2\WorldOfTanks2\InteractionWithGameScene\NotShootingTank.cs" />
        <File uid="24" fullPath="C:\Users\Asus\source\repos\WorldOfTabks23\WorldOfTanks2\WorldOfTanks2\InteractionWithGameScene\SlowedTank.cs" />
        <File uid="25" fullPath="C:\Users\Asus\source\repos\WorldOfTabks23\WorldOfTanks2\WorldOfTanks2\InteractionWithGameScene\Tank.cs" />
        <File uid="26" fullPath="C:\Users\Asus\source\repos\WorldOfTabks23\WorldOfTanks2\WorldOfTanks2\InteractionWithGameScene\TankDecorator.cs" />
        <File uid="27" fullPath="C:\Users\Asus\source\repos\WorldOfTabks23\WorldOfTanks2\WorldOfTanks2\Debuffs\DebuffObject.cs" />
      </Files>
      <Classes>
        <Class>
          <Summary numSequencePoints="28" visitedSequencePoints="0" numBranchPoints="10" visitedBranchPoints="0" sequenceCoverage="0" branchCoverage="0" maxCyclomaticComplexity="1" minCyclomaticComplexity="1" maxCrapScore="2" minCrapScore="2" visitedClasses="0" numClasses="1" visitedMethods="0" numMethods="10" />
          <FullName>coursework.Textures</FullName>
          <Methods>
            <Method visited="false" cyclomaticComplexity="1" nPathComplexity="0" sequenceCoverage="0" branchCoverage="0" crapScore="2" isConstructor="false" isStatic="false" isGetter="true" isSetter="false">
              <Summary numSequencePoints="1" visitedSequencePoints="0" numBranchPoints="1" visitedBranchPoints="0" sequenceCoverage="0" branchCoverage="0" maxCyclomaticComplexity="1" minCyclomaticComplexity="1" maxCrapScore="2" minCrapScore="2" visitedClasses="0" numClasses="0" visitedMethods="0" numMethods="1" />
              <MetadataToken>100663297</MetadataToken>
              <Name>System.Int32 coursework.Textures::get_Id()</Name>
              <FileRef uid="3" />
              <SequencePoints>
                <SequencePoint vc="0" uspid="7" ordinal="0" offset="0" sl="20" sc="33" el="20" ec="37" bec="0" bev="0" fileid="3" />
              </SequencePoints>
              <BranchPoints />
              <MethodPoint xsi:type="SequencePoint" vc="0" uspid="7" ordinal="0" offset="0" sl="20" sc="33" el="20" ec="37" bec="0" bev="0" fileid="3" />
            </Method>
            <Method visited="false" cyclomaticComplexity="1" nPathComplexity="0" sequenceCoverage="0" branchCoverage="0" crapScore="2" isConstructor="false" isStatic="false" isGetter="false" isSetter="true">
              <Summary numSequencePoints="1" visitedSequencePoints="0" numBranchPoints="1" visitedBranchPoints="0" sequenceCoverage="0" branchCoverage="0" maxCyclomaticComplexity="1" minCyclomaticComplexity="1" maxCrapScore="2" minCrapScore="2" visitedClasses="0" numClasses="0" visitedMethods="0" numMethods="1" />
              <MetadataToken>100663298</MetadataToken>
              <Name>System.Void coursework.Textures::set_Id(System.Int32)</Name>
              <FileRef uid="3" />
              <SequencePoints>
                <SequencePoint vc="0" uspid="8" ordinal="0" offset="0" sl="20" sc="38" el="20" ec="50" bec="0" bev="0" fileid="3" />
              </SequencePoints>
              <BranchPoints />
              <MethodPoint xsi:type="SequencePoint" vc="0" uspid="8" ordinal="0" offset="0" sl="20" sc="38" el="20" ec="50" bec="0" bev="0" fileid="3" />
            </Method>
            <Method visited="false" cyclomaticComplexity="1" nPathComplexity="0" sequenceCoverage="0" branchCoverage="0" crapScore="2" isConstructor="false" isStatic="false" isGetter="true" isSetter="false">
              <Summary numSequencePoints="1" visitedSequencePoints="0" numBranchPoints="1" visitedBranchPoints="0" sequenceCoverage="0" branchCoverage="0" maxCyclomaticComplexity="1" minCyclomaticComplexity="1" maxCrapScore="2" minCrapScore="2" visitedClasses="0" numClasses="0" visitedMethods="0" numMethods="1" />
              <MetadataToken>100663299</MetadataToken>
              <Name>System.Int32 coursework.Textures::get_Width()</Name>
              <FileRef uid="3" />
              <SequencePoints>
                <SequencePoint vc="0" uspid="9" ordinal="0" offset="0" sl="24" sc="28" el="24" ec="32" bec="0" bev="0" fileid="3" />
              </SequencePoints>
              <BranchPoints />
              <MethodPoint xsi:type="SequencePoint" vc="0" uspid="9" ordinal="0" offset="0" sl="24" sc="28" el="24" ec="32" bec="0" bev="0" fileid="3" />
            </Method>
            <Method visited="false" cyclomaticComplexity="1" nPathComplexity="0" sequenceCoverage="0" branchCoverage="0" crapScore="2" isConstructor="false" isStatic="false" isGetter="false" isSetter="true">
              <Summary numSequencePoints="1" visitedSequencePoints="0" numBranchPoints="1" visitedBranchPoints="0" sequenceCoverage="0" branchCoverage="0" maxCyclomaticComplexity="1" minCyclomaticComplexity="1" maxCrapScore="2" minCrapScore="2" visitedClasses="0" numClasses="0" visitedMethods="0" numMethods="1" />
              <MetadataToken>100663300</MetadataToken>
              <Name>System.Void coursework.Textures::set_Width(System.Int32)</Name>
              <FileRef uid="3" />
              <SequencePoints>
                <SequencePoint vc="0" uspid="10" ordinal="0" offset="0" sl="24" sc="33" el="24" ec="45" bec="0" bev="0" fileid="3" />
              </SequencePoints>
              <BranchPoints />
              <MethodPoint xsi:type="SequencePoint" vc="0" uspid="10" ordinal="0" offset="0" sl="24" sc="33" el="24" ec="45" bec="0" bev="0" fileid="3" />
            </Method>
            <Method visited="false" cyclomaticComplexity="1" nPathComplexity="0" sequenceCoverage="0" branchCoverage="0" crapScore="2" isConstructor="false" isStatic="false" isGetter="true" isSetter="false">
              <Summary numSequencePoints="1" visitedSequencePoints="0" numBranchPoints="1" visitedBranchPoints="0" sequenceCoverage="0" branchCoverage="0" maxCyclomaticComplexity="1" minCyclomaticComplexity="1" maxCrapScore="2" minCrapScore="2" visitedClasses="0" numClasses="0" visitedMethods="0" numMethods="1" />
              <MetadataToken>100663301</MetadataToken>
              <Name>System.Int32 coursework.Textures::get_Height()</Name>
              <FileRef uid="3" />
              <SequencePoints>
                <SequencePoint vc="0" uspid="11" ordinal="0" offset="0" sl="28" sc="29" el="28" ec="33" bec="0" bev="0" fileid="3" />
              </SequencePoints>
              <BranchPoints />
              <MethodPoint xsi:type="SequencePoint" vc="0" uspid="11" ordinal="0" offset="0" sl="28" sc="29" el="28" ec="33" bec="0" bev="0" fileid="3" />
            </Method>
            <Method visited="false" cyclomaticComplexity="1" nPathComplexity="0" sequenceCoverage="0" branchCoverage="0" crapScore="2" isConstructor="false" isStatic="false" isGetter="false" isSetter="true">
              <Summary numSequencePoints="1" visitedSequencePoints="0" numBranchPoints="1" visitedBranchPoints="0" sequenceCoverage="0" branchCoverage="0" maxCyclomaticComplexity="1" minCyclomaticComplexity="1" maxCrapScore="2" minCrapScore="2" visitedClasses="0" numClasses="0" visitedMethods="0" numMethods="1" />
              <MetadataToken>100663302</MetadataToken>
              <Name>System.Void coursework.Textures::set_Height(System.Int32)</Name>
              <FileRef uid="3" />
              <SequencePoints>
                <SequencePoint vc="0" uspid="12" ordinal="0" offset="0" sl="28" sc="34" el="28" ec="46" bec="0" bev="0" fileid="3" />
              </SequencePoints>
              <BranchPoints />
              <MethodPoint xsi:type="SequencePoint" vc="0" uspid="12" ordinal="0" offset="0" sl="28" sc="34" el="28" ec="46" bec="0" bev="0" fileid="3" />
            </Method>
            <Method visited="false" cyclomaticComplexity="1" nPathComplexity="0" sequenceCoverage="0" branchCoverage="0" crapScore="2" isConstructor="false" isStatic="false" isGetter="true" isSetter="false">
              <Summary numSequencePoints="1" visitedSequencePoints="0" numBranchPoints="1" visitedBranchPoints="0" sequenceCoverage="0" branchCoverage="0" maxCyclomaticComplexity="1" minCyclomaticComplexity="1" maxCrapScore="2" minCrapScore="2" visitedClasses="0" numClasses="0" visitedMethods="0" numMethods="1" />
              <MetadataToken>100663303</MetadataToken>
              <Name>System.Drawing.Color coursework.Textures::get_Color()</Name>
              <FileRef uid="3" />
              <SequencePoints>
                <SequencePoint vc="0" uspid="13" ordinal="0" offset="0" sl="32" sc="30" el="32" ec="34" bec="0" bev="0" fileid="3" />
              </SequencePoints>
              <BranchPoints />
              <MethodPoint xsi:type="SequencePoint" vc="0" uspid="13" ordinal="0" offset="0" sl="32" sc="30" el="32" ec="34" bec="0" bev="0" fileid="3" />
            </Method>
            <Method visited="false" cyclomaticComplexity="1" nPathComplexity="0" sequenceCoverage="0" branchCoverage="0" crapScore="2" isConstructor="false" isStatic="false" isGetter="false" isSetter="true">
              <Summary numSequencePoints="1" visitedSequencePoints="0" numBranchPoints="1" visitedBranchPoints="0" sequenceCoverage="0" branchCoverage="0" maxCyclomaticComplexity="1" minCyclomaticComplexity="1" maxCrapScore="2" minCrapScore="2" visitedClasses="0" numClasses="0" visitedMethods="0" numMethods="1" />
              <MetadataToken>100663304</MetadataToken>
              <Name>System.Void coursework.Textures::set_Color(System.Drawing.Color)</Name>
              <FileRef uid="3" />
              <SequencePoints>
                <SequencePoint vc="0" uspid="14" ordinal="0" offset="0" sl="32" sc="35" el="32" ec="39" bec="0" bev="0" fileid="3" />
              </SequencePoints>
              <BranchPoints />
              <MethodPoint xsi:type="SequencePoint" vc="0" uspid="14" ordinal="0" offset="0" sl="32" sc="35" el="32" ec="39" bec="0" bev="0" fileid="3" />
            </Method>
            <Method visited="false" cyclomaticComplexity="1" nPathComplexity="0" sequenceCoverage="0" branchCoverage="0" crapScore="2" isConstructor="true" isStatic="false" isGetter="false" isSetter="false">
              <Summary numSequencePoints="7" visitedSequencePoints="0" numBranchPoints="1" visitedBranchPoints="0" sequenceCoverage="0" branchCoverage="0" maxCyclomaticComplexity="1" minCyclomaticComplexity="1" maxCrapScore="2" minCrapScore="2" visitedClasses="0" numClasses="0" visitedMethods="0" numMethods="1" />
              <MetadataToken>100663305</MetadataToken>
              <Name>System.Void coursework.Textures::.ctor(System.Int32,System.Int32,System.Int32)</Name>
              <FileRef uid="3" />
              <SequencePoints>
                <SequencePoint vc="0" uspid="15" ordinal="0" offset="0" sl="37" sc="9" el="37" ec="55" bec="0" bev="0" fileid="3" />
                <SequencePoint vc="0" uspid="16" ordinal="1" offset="7" sl="38" sc="9" el="38" ec="10" bec="0" bev="0" fileid="3" />
                <SequencePoint vc="0" uspid="17" ordinal="2" offset="8" sl="39" sc="13" el="39" ec="21" bec="0" bev="0" fileid="3" />
                <SequencePoint vc="0" uspid="18" ordinal="3" offset="16" sl="40" sc="13" el="40" ec="27" bec="0" bev="0" fileid="3" />
                <SequencePoint vc="0" uspid="19" ordinal="4" offset="24" sl="41" sc="13" el="41" ec="29" bec="0" bev="0" fileid="3" />
                <SequencePoint vc="0" uspid="20" ordinal="5" offset="32" sl="42" sc="13" el="42" ec="39" bec="0" bev="0" fileid="3" />
                <SequencePoint vc="0" uspid="21" ordinal="6" offset="44" sl="43" sc="9" el="43" ec="10" bec="0" bev="0" fileid="3" />
              </SequencePoints>
              <BranchPoints />
              <MethodPoint xsi:type="SequencePoint" vc="0" uspid="15" ordinal="0" offset="0" sl="37" sc="9" el="37" ec="55" bec="0" bev="0" fileid="3" />
            </Method>
            <Method visited="false" cyclomaticComplexity="1" nPathComplexity="0" sequenceCoverage="0" branchCoverage="0" crapScore="2" isConstructor="false" isStatic="true" isGetter="false" isSetter="false">
              <Summary numSequencePoints="13" visitedSequencePoints="0" numBranchPoints="1" visitedBranchPoints="0" sequenceCoverage="0" branchCoverage="0" maxCyclomaticComplexity="1" minCyclomaticComplexity="1" maxCrapScore="2" minCrapScore="2" visitedClasses="0" numClasses="0" visitedMethods="0" numMethods="1" />
              <MetadataToken>100663306</MetadataToken>
              <Name>coursework.Textures coursework.Textures::LoadTexture(System.String)</Name>
              <FileRef uid="3" />
              <SequencePoints>
                <SequencePoint vc="0" uspid="22" ordinal="0" offset="0" sl="51" sc="9" el="51" ec="10" bec="0" bev="0" fileid="3" />
                <SequencePoint vc="0" uspid="23" ordinal="1" offset="1" sl="52" sc="13" el="52" ec="38" bec="0" bev="0" fileid="3" />
                <SequencePoint vc="0" uspid="24" ordinal="2" offset="7" sl="53" sc="13" el="53" ec="57" bec="0" bev="0" fileid="3" />
                <SequencePoint vc="0" uspid="25" ordinal="3" offset="19" sl="55" sc="13" el="55" ec="46" bec="0" bev="0" fileid="3" />
                <SequencePoint vc="0" uspid="26" ordinal="4" offset="26" sl="56" sc="13" el="59" ec="69" bec="0" bev="0" fileid="3" />
                <SequencePoint vc="0" uspid="27" ordinal="5" offset="58" sl="61" sc="13" el="64" ec="53" bec="0" bev="0" fileid="3" />
                <SequencePoint vc="0" uspid="28" ordinal="6" offset="104" sl="66" sc="13" el="66" ec="37" bec="0" bev="0" fileid="3" />
                <SequencePoint vc="0" uspid="29" ordinal="7" offset="112" sl="68" sc="13" el="70" ec="45" bec="0" bev="0" fileid="3" />
                <SequencePoint vc="0" uspid="30" ordinal="8" offset="133" sl="71" sc="13" el="73" ec="45" bec="0" bev="0" fileid="3" />
                <SequencePoint vc="0" uspid="31" ordinal="9" offset="154" sl="75" sc="13" el="77" ec="48" bec="0" bev="0" fileid="3" />
                <SequencePoint vc="0" uspid="32" ordinal="10" offset="175" sl="78" sc="13" el="80" ec="48" bec="0" bev="0" fileid="3" />
                <SequencePoint vc="0" uspid="33" ordinal="11" offset="196" sl="82" sc="13" el="82" ec="66" bec="0" bev="0" fileid="3" />
                <SequencePoint vc="0" uspid="34" ordinal="12" offset="217" sl="83" sc="9" el="83" ec="10" bec="0" bev="0" fileid="3" />
              </SequencePoints>
              <BranchPoints />
              <MethodPoint xsi:type="SequencePoint" vc="0" uspid="22" ordinal="0" offset="0" sl="51" sc="9" el="51" ec="10" bec="0" bev="0" fileid="3" />
            </Method>
          </Methods>
        </Class>
        <Class>
          <Summary numSequencePoints="86" visitedSequencePoints="0" numBranchPoints="22" visitedBranchPoints="0" sequenceCoverage="0" branchCoverage="0" maxCyclomaticComplexity="5" minCyclomaticComplexity="1" maxCrapScore="30" minCrapScore="2" visitedClasses="0" numClasses="1" visitedMethods="0" numMethods="6" />
          <FullName>WorldOfTanks2.Amo</FullName>
          <Methods>
            <Method visited="false" cyclomaticComplexity="1" nPathComplexity="0" sequenceCoverage="0" branchCoverage="0" crapScore="2" isConstructor="false" isStatic="false" isGetter="true" isSetter="false">
              <Summary numSequencePoints="1" visitedSequencePoints="0" numBranchPoints="1" visitedBranchPoints="0" sequenceCoverage="0" branchCoverage="0" maxCyclomaticComplexity="1" minCyclomaticComplexity="1" maxCrapScore="2" minCrapScore="2" visitedClasses="0" numClasses="0" visitedMethods="0" numMethods="1" />
              <MetadataToken>100663307</MetadataToken>
              <Name>System.Int32 WorldOfTanks2.Amo::get_Damage()</Name>
              <FileRef uid="4" />
              <SequencePoints>
                <SequencePoint vc="0" uspid="35" ordinal="0" offset="0" sl="19" sc="29" el="19" ec="33" bec="0" bev="0" fileid="4" />
              </SequencePoints>
              <BranchPoints />
              <MethodPoint xsi:type="SequencePoint" vc="0" uspid="35" ordinal="0" offset="0" sl="19" sc="29" el="19" ec="33" bec="0" bev="0" fileid="4" />
            </Method>
            <Method visited="false" cyclomaticComplexity="1" nPathComplexity="0" sequenceCoverage="0" branchCoverage="0" crapScore="2" isConstructor="false" isStatic="false" isGetter="false" isSetter="true">
              <Summary numSequencePoints="1" visitedSequencePoints="0" numBranchPoints="1" visitedBranchPoints="0" sequenceCoverage="0" branchCoverage="0" maxCyclomaticComplexity="1" minCyclomaticComplexity="1" maxCrapScore="2" minCrapScore="2" visitedClasses="0" numClasses="0" visitedMethods="0" numMethods="1" />
              <MetadataToken>100663308</MetadataToken>
              <Name>System.Void WorldOfTanks2.Amo::set_Damage(System.Int32)</Name>
              <FileRef uid="4" />
              <SequencePoints>
                <SequencePoint vc="0" uspid="36" ordinal="0" offset="0" sl="19" sc="34" el="19" ec="38" bec="0" bev="0" fileid="4" />
              </SequencePoints>
              <BranchPoints />
              <MethodPoint xsi:type="SequencePoint" vc="0" uspid="36" ordinal="0" offset="0" sl="19" sc="34" el="19" ec="38" bec="0" bev="0" fileid="4" />
            </Method>
            <Method visited="false" cyclomaticComplexity="1" nPathComplexity="0" sequenceCoverage="0" branchCoverage="0" crapScore="2" isConstructor="true" isStatic="false" isGetter="false" isSetter="false">
              <Summary numSequencePoints="7" visitedSequencePoints="0" numBranchPoints="1" visitedBranchPoints="0" sequenceCoverage="0" branchCoverage="0" maxCyclomaticComplexity="1" minCyclomaticComplexity="1" maxCrapScore="2" minCrapScore="2" visitedClasses="0" numClasses="0" visitedMethods="0" numMethods="1" />
              <MetadataToken>100663309</MetadataToken>
              <Name>System.Void WorldOfTanks2.Amo::.ctor(System.Single,System.Single,System.Single,System.Single,System.Int32,System.Single,System.Int32,System.String)</Name>
              <FileRef uid="4" />
              <SequencePoints>
                <SequencePoint vc="0" uspid="37" ordinal="0" offset="0" sl="21" sc="131" el="21" ec="168" bec="0" bev="0" fileid="4" />
                <SequencePoint vc="0" uspid="38" ordinal="1" offset="14" sl="22" sc="9" el="22" ec="10" bec="0" bev="0" fileid="4" />
                <SequencePoint vc="0" uspid="39" ordinal="2" offset="15" sl="23" sc="13" el="23" ec="42" bec="0" bev="0" fileid="4" />
                <SequencePoint vc="0" uspid="40" ordinal="3" offset="23" sl="24" sc="13" el="24" ec="29" bec="0" bev="0" fileid="4" />
                <SequencePoint vc="0" uspid="41" ordinal="4" offset="32" sl="25" sc="13" el="25" ec="40" bec="0" bev="0" fileid="4" />
                <SequencePoint vc="0" uspid="42" ordinal="5" offset="40" sl="26" sc="13" el="26" ec="136" bec="0" bev="0" fileid="4" />
                <SequencePoint vc="0" uspid="43" ordinal="6" offset="56" sl="27" sc="9" el="27" ec="10" bec="0" bev="0" fileid="4" />
              </SequencePoints>
              <BranchPoints />
              <MethodPoint xsi:type="SequencePoint" vc="0" uspid="37" ordinal="0" offset="0" sl="21" sc="131" el="21" ec="168" bec="0" bev="0" fileid="4" />
            </Method>
            <Method visited="false" cyclomaticComplexity="5" nPathComplexity="16" sequenceCoverage="0" branchCoverage="0" crapScore="30" isConstructor="false" isStatic="false" isGetter="false" isSetter="false">
              <Summary numSequencePoints="63" visitedSequencePoints="0" numBranchPoints="9" visitedBranchPoints="0" sequenceCoverage="0" branchCoverage="0" maxCyclomaticComplexity="5" minCyclomaticComplexity="5" maxCrapScore="30" minCrapScore="30" visitedClasses="0" numClasses="0" visitedMethods="0" numMethods="1" />
              <MetadataToken>100663310</MetadataToken>
              <Name>System.Void WorldOfTanks2.Amo::Draw()</Name>
              <FileRef uid="4" />
              <SequencePoints>
                <SequencePoint vc="0" uspid="44" ordinal="0" offset="0" sl="33" sc="9" el="33" ec="10" bec="0" bev="0" fileid="4" />
                <SequencePoint vc="0" uspid="45" ordinal="1" offset="1" sl="34" sc="13" el="34" ec="20" bec="0" bev="0" fileid="4" />
                <SequencePoint vc="0" uspid="46" ordinal="2" offset="8" sl="37" sc="13" el="37" ec="42" bec="0" bev="0" fileid="4" />
                <SequencePoint vc="0" uspid="47" ordinal="3" offset="29" sl="38" sc="13" el="38" ec="43" bec="0" bev="0" fileid="4" />
                <SequencePoint vc="0" uspid="48" ordinal="4" offset="50" sl="39" sc="13" el="39" ec="44" bec="0" bev="0" fileid="4" />
                <SequencePoint vc="0" uspid="49" ordinal="5" offset="71" sl="40" sc="13" el="40" ec="44" bec="0" bev="0" fileid="4" />
                <SequencePoint vc="0" uspid="50" ordinal="6" offset="92" sl="42" sc="13" el="42" ec="34" bec="2" bev="0" fileid="4" />
                <SequencePoint vc="0" uspid="51" ordinal="7" offset="114" sl="43" sc="13" el="43" ec="14" bec="0" bev="0" fileid="4" />
                <SequencePoint vc="0" uspid="52" ordinal="8" offset="115" sl="44" sc="17" el="44" ec="69" bec="0" bev="0" fileid="4" />
                <SequencePoint vc="0" uspid="53" ordinal="9" offset="137" sl="45" sc="17" el="45" ec="47" bec="0" bev="0" fileid="4" />
                <SequencePoint vc="0" uspid="54" ordinal="10" offset="144" sl="47" sc="17" el="47" ec="36" bec="0" bev="0" fileid="4" />
                <SequencePoint vc="0" uspid="55" ordinal="11" offset="152" sl="48" sc="17" el="48" ec="43" bec="0" bev="0" fileid="4" />
                <SequencePoint vc="0" uspid="56" ordinal="12" offset="160" sl="49" sc="17" el="49" ec="36" bec="0" bev="0" fileid="4" />
                <SequencePoint vc="0" uspid="57" ordinal="13" offset="168" sl="50" sc="17" el="50" ec="44" bec="0" bev="0" fileid="4" />
                <SequencePoint vc="0" uspid="58" ordinal="14" offset="176" sl="51" sc="17" el="51" ec="36" bec="0" bev="0" fileid="4" />
                <SequencePoint vc="0" uspid="59" ordinal="15" offset="184" sl="52" sc="17" el="52" ec="44" bec="0" bev="0" fileid="4" />
                <SequencePoint vc="0" uspid="60" ordinal="16" offset="192" sl="53" sc="17" el="53" ec="36" bec="0" bev="0" fileid="4" />
                <SequencePoint vc="0" uspid="61" ordinal="17" offset="200" sl="54" sc="17" el="54" ec="43" bec="0" bev="0" fileid="4" />
                <SequencePoint vc="0" uspid="62" ordinal="18" offset="208" sl="56" sc="17" el="56" ec="26" bec="0" bev="0" fileid="4" />
                <SequencePoint vc="0" uspid="63" ordinal="19" offset="214" sl="57" sc="13" el="57" ec="14" bec="0" bev="0" fileid="4" />
                <SequencePoint vc="0" uspid="64" ordinal="20" offset="215" sl="58" sc="13" el="58" ec="34" bec="2" bev="0" fileid="4" />
                <SequencePoint vc="0" uspid="65" ordinal="21" offset="237" sl="59" sc="13" el="59" ec="14" bec="0" bev="0" fileid="4" />
                <SequencePoint vc="0" uspid="66" ordinal="22" offset="238" sl="60" sc="17" el="60" ec="69" bec="0" bev="0" fileid="4" />
                <SequencePoint vc="0" uspid="67" ordinal="23" offset="260" sl="61" sc="17" el="61" ec="47" bec="0" bev="0" fileid="4" />
                <SequencePoint vc="0" uspid="68" ordinal="24" offset="267" sl="63" sc="17" el="63" ec="36" bec="0" bev="0" fileid="4" />
                <SequencePoint vc="0" uspid="69" ordinal="25" offset="275" sl="64" sc="17" el="64" ec="44" bec="0" bev="0" fileid="4" />
                <SequencePoint vc="0" uspid="70" ordinal="26" offset="283" sl="65" sc="17" el="65" ec="36" bec="0" bev="0" fileid="4" />
                <SequencePoint vc="0" uspid="71" ordinal="27" offset="291" sl="66" sc="17" el="66" ec="44" bec="0" bev="0" fileid="4" />
                <SequencePoint vc="0" uspid="72" ordinal="28" offset="299" sl="67" sc="17" el="67" ec="36" bec="0" bev="0" fileid="4" />
                <SequencePoint vc="0" uspid="73" ordinal="29" offset="307" sl="68" sc="17" el="68" ec="43" bec="0" bev="0" fileid="4" />
                <SequencePoint vc="0" uspid="74" ordinal="30" offset="315" sl="69" sc="17" el="69" ec="36" bec="0" bev="0" fileid="4" />
                <SequencePoint vc="0" uspid="75" ordinal="31" offset="323" sl="70" sc="17" el="70" ec="43" bec="0" bev="0" fileid="4" />
                <SequencePoint vc="0" uspid="76" ordinal="32" offset="331" sl="72" sc="17" el="72" ec="26" bec="0" bev="0" fileid="4" />
                <SequencePoint vc="0" uspid="77" ordinal="33" offset="337" sl="73" sc="13" el="73" ec="14" bec="0" bev="0" fileid="4" />
                <SequencePoint vc="0" uspid="78" ordinal="34" offset="338" sl="74" sc="13" el="74" ec="34" bec="2" bev="0" fileid="4" />
                <SequencePoint vc="0" uspid="79" ordinal="35" offset="360" sl="75" sc="13" el="75" ec="14" bec="0" bev="0" fileid="4" />
                <SequencePoint vc="0" uspid="80" ordinal="36" offset="361" sl="76" sc="17" el="76" ec="69" bec="0" bev="0" fileid="4" />
                <SequencePoint vc="0" uspid="81" ordinal="37" offset="383" sl="77" sc="17" el="77" ec="47" bec="0" bev="0" fileid="4" />
                <SequencePoint vc="0" uspid="82" ordinal="38" offset="390" sl="79" sc="17" el="79" ec="36" bec="0" bev="0" fileid="4" />
                <SequencePoint vc="0" uspid="83" ordinal="39" offset="398" sl="80" sc="17" el="80" ec="43" bec="0" bev="0" fileid="4" />
                <SequencePoint vc="0" uspid="84" ordinal="40" offset="406" sl="81" sc="17" el="81" ec="36" bec="0" bev="0" fileid="4" />
                <SequencePoint vc="0" uspid="85" ordinal="41" offset="414" sl="82" sc="17" el="82" ec="44" bec="0" bev="0" fileid="4" />
                <SequencePoint vc="0" uspid="86" ordinal="42" offset="422" sl="83" sc="17" el="83" ec="36" bec="0" bev="0" fileid="4" />
                <SequencePoint vc="0" uspid="87" ordinal="43" offset="430" sl="84" sc="17" el="84" ec="44" bec="0" bev="0" fileid="4" />
                <SequencePoint vc="0" uspid="88" ordinal="44" offset="438" sl="85" sc="17" el="85" ec="36" bec="0" bev="0" fileid="4" />
                <SequencePoint vc="0" uspid="89" ordinal="45" offset="446" sl="86" sc="17" el="86" ec="43" bec="0" bev="0" fileid="4" />
                <SequencePoint vc="0" uspid="90" ordinal="46" offset="454" sl="88" sc="17" el="88" ec="26" bec="0" bev="0" fileid="4" />
                <SequencePoint vc="0" uspid="91" ordinal="47" offset="460" sl="89" sc="13" el="89" ec="14" bec="0" bev="0" fileid="4" />
                <SequencePoint vc="0" uspid="92" ordinal="48" offset="461" sl="90" sc="13" el="90" ec="34" bec="2" bev="0" fileid="4" />
                <SequencePoint vc="0" uspid="93" ordinal="49" offset="483" sl="91" sc="13" el="91" ec="14" bec="0" bev="0" fileid="4" />
                <SequencePoint vc="0" uspid="94" ordinal="50" offset="484" sl="92" sc="17" el="92" ec="69" bec="0" bev="0" fileid="4" />
                <SequencePoint vc="0" uspid="95" ordinal="51" offset="506" sl="93" sc="17" el="93" ec="47" bec="0" bev="0" fileid="4" />
                <SequencePoint vc="0" uspid="96" ordinal="52" offset="513" sl="95" sc="17" el="95" ec="36" bec="0" bev="0" fileid="4" />
                <SequencePoint vc="0" uspid="97" ordinal="53" offset="521" sl="96" sc="17" el="96" ec="43" bec="0" bev="0" fileid="4" />
                <SequencePoint vc="0" uspid="98" ordinal="54" offset="529" sl="97" sc="17" el="97" ec="36" bec="0" bev="0" fileid="4" />
                <SequencePoint vc="0" uspid="99" ordinal="55" offset="537" sl="98" sc="17" el="98" ec="43" bec="0" bev="0" fileid="4" />
                <SequencePoint vc="0" uspid="100" ordinal="56" offset="545" sl="99" sc="17" el="99" ec="36" bec="0" bev="0" fileid="4" />
                <SequencePoint vc="0" uspid="101" ordinal="57" offset="553" sl="100" sc="17" el="100" ec="44" bec="0" bev="0" fileid="4" />
                <SequencePoint vc="0" uspid="102" ordinal="58" offset="561" sl="101" sc="17" el="101" ec="36" bec="0" bev="0" fileid="4" />
                <SequencePoint vc="0" uspid="103" ordinal="59" offset="569" sl="102" sc="17" el="102" ec="44" bec="0" bev="0" fileid="4" />
                <SequencePoint vc="0" uspid="104" ordinal="60" offset="577" sl="104" sc="17" el="104" ec="26" bec="0" bev="0" fileid="4" />
                <SequencePoint vc="0" uspid="105" ordinal="61" offset="583" sl="105" sc="13" el="105" ec="14" bec="0" bev="0" fileid="4" />
                <SequencePoint vc="0" uspid="106" ordinal="62" offset="584" sl="106" sc="9" el="106" ec="10" bec="0" bev="0" fileid="4" />
              </SequencePoints>
              <BranchPoints>
                <BranchPoint vc="0" uspid="107" ordinal="0" offset="112" sl="42" path="0" offsetend="114" fileid="4" />
                <BranchPoint vc="0" uspid="108" ordinal="1" offset="112" sl="42" path="1" offsetend="215" fileid="4" />
                <BranchPoint vc="0" uspid="109" ordinal="2" offset="235" sl="58" path="0" offsetend="237" fileid="4" />
                <BranchPoint vc="0" uspid="110" ordinal="3" offset="235" sl="58" path="1" offsetend="338" fileid="4" />
                <BranchPoint vc="0" uspid="111" ordinal="4" offset="358" sl="74" path="0" offsetend="360" fileid="4" />
                <BranchPoint vc="0" uspid="112" ordinal="5" offset="358" sl="74" path="1" offsetend="461" fileid="4" />
                <BranchPoint vc="0" uspid="113" ordinal="6" offset="481" sl="90" path="0" offsetend="483" fileid="4" />
                <BranchPoint vc="0" uspid="114" ordinal="7" offset="481" sl="90" path="1" offsetend="584" fileid="4" />
              </BranchPoints>
              <MethodPoint xsi:type="SequencePoint" vc="0" uspid="44" ordinal="0" offset="0" sl="33" sc="9" el="33" ec="10" bec="0" bev="0" fileid="4" />
            </Method>
            <Method visited="false" cyclomaticComplexity="5" nPathComplexity="16" sequenceCoverage="0" branchCoverage="0" crapScore="30" isConstructor="false" isStatic="false" isGetter="false" isSetter="false">
              <Summary numSequencePoints="11" visitedSequencePoints="0" numBranchPoints="9" visitedBranchPoints="0" sequenceCoverage="0" branchCoverage="0" maxCyclomaticComplexity="5" minCyclomaticComplexity="5" maxCrapScore="30" minCrapScore="30" visitedClasses="0" numClasses="0" visitedMethods="0" numMethods="1" />
              <MetadataToken>100663311</MetadataToken>
              <Name>System.Void WorldOfTanks2.Amo::Move()</Name>
              <FileRef uid="4" />
              <SequencePoints>
                <SequencePoint vc="0" uspid="115" ordinal="0" offset="0" sl="109" sc="9" el="109" ec="10" bec="0" bev="0" fileid="4" />
                <SequencePoint vc="0" uspid="116" ordinal="1" offset="1" sl="110" sc="13" el="110" ec="31" bec="8" bev="0" fileid="4" />
                <SequencePoint vc="0" uspid="117" ordinal="2" offset="64" sl="113" sc="21" el="113" ec="37" bec="0" bev="0" fileid="4" />
                <SequencePoint vc="0" uspid="118" ordinal="3" offset="83" sl="114" sc="21" el="114" ec="27" bec="0" bev="0" fileid="4" />
                <SequencePoint vc="0" uspid="119" ordinal="4" offset="85" sl="116" sc="21" el="116" ec="37" bec="0" bev="0" fileid="4" />
                <SequencePoint vc="0" uspid="120" ordinal="5" offset="104" sl="117" sc="21" el="117" ec="27" bec="0" bev="0" fileid="4" />
                <SequencePoint vc="0" uspid="121" ordinal="6" offset="106" sl="119" sc="21" el="119" ec="37" bec="0" bev="0" fileid="4" />
                <SequencePoint vc="0" uspid="122" ordinal="7" offset="125" sl="120" sc="21" el="120" ec="27" bec="0" bev="0" fileid="4" />
                <SequencePoint vc="0" uspid="123" ordinal="8" offset="127" sl="122" sc="21" el="122" ec="37" bec="0" bev="0" fileid="4" />
                <SequencePoint vc="0" uspid="124" ordinal="9" offset="146" sl="123" sc="21" el="123" ec="27" bec="0" bev="0" fileid="4" />
                <SequencePoint vc="0" uspid="125" ordinal="10" offset="148" sl="125" sc="9" el="125" ec="10" bec="0" bev="0" fileid="4" />
              </SequencePoints>
              <BranchPoints>
                <BranchPoint vc="0" uspid="126" ordinal="0" offset="21" sl="110" path="0" offsetend="23" fileid="4" />
                <BranchPoint vc="0" uspid="127" ordinal="1" offset="21" sl="110" path="1" offsetend="64" fileid="4" />
                <BranchPoint vc="0" uspid="128" ordinal="2" offset="34" sl="110" path="0" offsetend="36" fileid="4" />
                <BranchPoint vc="0" uspid="129" ordinal="3" offset="34" sl="110" path="1" offsetend="85" fileid="4" />
                <BranchPoint vc="0" uspid="130" ordinal="4" offset="47" sl="110" path="0" offsetend="49" fileid="4" />
                <BranchPoint vc="0" uspid="131" ordinal="5" offset="47" sl="110" path="1" offsetend="106" fileid="4" />
                <BranchPoint vc="0" uspid="132" ordinal="6" offset="60" sl="110" path="0" offsetchain="62" offsetend="148" fileid="4" />
                <BranchPoint vc="0" uspid="133" ordinal="7" offset="60" sl="110" path="1" offsetend="127" fileid="4" />
              </BranchPoints>
              <MethodPoint xsi:type="SequencePoint" vc="0" uspid="115" ordinal="0" offset="0" sl="109" sc="9" el="109" ec="10" bec="0" bev="0" fileid="4" />
            </Method>
            <Method visited="false" cyclomaticComplexity="1" nPathComplexity="0" sequenceCoverage="0" branchCoverage="0" crapScore="2" isConstructor="false" isStatic="false" isGetter="false" isSetter="false">
              <Summary numSequencePoints="3" visitedSequencePoints="0" numBranchPoints="1" visitedBranchPoints="0" sequenceCoverage="0" branchCoverage="0" maxCyclomaticComplexity="1" minCyclomaticComplexity="1" maxCrapScore="2" minCrapScore="2" visitedClasses="0" numClasses="0" visitedMethods="0" numMethods="1" />
              <MetadataToken>100663312</MetadataToken>
              <Name>System.String WorldOfTanks2.Amo::GetAmoDerection()</Name>
              <FileRef uid="4" />
              <SequencePoints>
                <SequencePoint vc="0" uspid="134" ordinal="0" offset="0" sl="128" sc="9" el="128" ec="10" bec="0" bev="0" fileid="4" />
                <SequencePoint vc="0" uspid="135" ordinal="1" offset="1" sl="129" sc="13" el="129" ec="30" bec="0" bev="0" fileid="4" />
                <SequencePoint vc="0" uspid="136" ordinal="2" offset="10" sl="130" sc="9" el="130" ec="10" bec="0" bev="0" fileid="4" />
              </SequencePoints>
              <BranchPoints />
              <MethodPoint xsi:type="SequencePoint" vc="0" uspid="134" ordinal="0" offset="0" sl="128" sc="9" el="128" ec="10" bec="0" bev="0" fileid="4" />
            </Method>
          </Methods>
        </Class>
        <Class>
          <Summary numSequencePoints="178" visitedSequencePoints="0" numBranchPoints="123" visitedBranchPoints="0" sequenceCoverage="0" branchCoverage="0" maxCyclomaticComplexity="19" minCyclomaticComplexity="1" maxCrapScore="380" minCrapScore="2" visitedClasses="0" numClasses="1" visitedMethods="0" numMethods="7" />
          <FullName>WorldOfTanks2.Action</FullName>
          <Methods>
            <Method visited="false" cyclomaticComplexity="1" nPathComplexity="0" sequenceCoverage="0" branchCoverage="0" crapScore="2" isConstructor="true" isStatic="false" isGetter="false" isSetter="false">
              <Summary numSequencePoints="5" visitedSequencePoints="0" numBranchPoints="1" visitedBranchPoints="0" sequenceCoverage="0" branchCoverage="0" maxCyclomaticComplexity="1" minCyclomaticComplexity="1" maxCrapScore="2" minCrapScore="2" visitedClasses="0" numClasses="0" visitedMethods="0" numMethods="1" />
              <MetadataToken>100663313</MetadataToken>
              <Name>System.Void WorldOfTanks2.Action::.ctor(WorldOfTanks2.Scene)</Name>
              <FileRef uid="5" />
              <SequencePoints>
                <SequencePoint vc="0" uspid="137" ordinal="0" offset="0" sl="41" sc="9" el="41" ec="35" bec="0" bev="0" fileid="5" />
                <SequencePoint vc="0" uspid="138" ordinal="1" offset="7" sl="42" sc="9" el="42" ec="10" bec="0" bev="0" fileid="5" />
                <SequencePoint vc="0" uspid="139" ordinal="2" offset="8" sl="43" sc="13" el="43" ec="32" bec="0" bev="0" fileid="5" />
                <SequencePoint vc="0" uspid="140" ordinal="3" offset="15" sl="44" sc="13" el="44" ec="44" bec="0" bev="0" fileid="5" />
                <SequencePoint vc="0" uspid="141" ordinal="4" offset="27" sl="45" sc="9" el="45" ec="10" bec="0" bev="0" fileid="5" />
              </SequencePoints>
              <BranchPoints />
              <MethodPoint xsi:type="SequencePoint" vc="0" uspid="137" ordinal="0" offset="0" sl="41" sc="9" el="41" ec="35" bec="0" bev="0" fileid="5" />
            </Method>
            <Method visited="false" cyclomaticComplexity="14" nPathComplexity="1024" sequenceCoverage="0" branchCoverage="0" crapScore="210" isConstructor="false" isStatic="false" isGetter="false" isSetter="false">
              <Summary numSequencePoints="28" visitedSequencePoints="0" numBranchPoints="21" visitedBranchPoints="0" sequenceCoverage="0" branchCoverage="0" maxCyclomaticComplexity="14" minCyclomaticComplexity="14" maxCrapScore="210" minCrapScore="210" visitedClasses="0" numClasses="0" visitedMethods="0" numMethods="1" />
              <MetadataToken>100663314</MetadataToken>
              <Name>System.Boolean WorldOfTanks2.Action::CheckCollisionWithDebuff(WorldOfTanks2.InteractionWithGameScene.Tank)</Name>
              <FileRef uid="5" />
              <SequencePoints>
                <SequencePoint vc="0" uspid="142" ordinal="0" offset="0" sl="51" sc="9" el="51" ec="10" bec="0" bev="0" fileid="5" />
                <SequencePoint vc="0" uspid="143" ordinal="1" offset="1" sl="52" sc="13" el="52" ec="35" bec="0" bev="0" fileid="5" />
                <SequencePoint vc="0" uspid="144" ordinal="2" offset="3" sl="53" sc="13" el="53" ec="20" bec="0" bev="0" fileid="5" />
                <SequencePoint vc="0" uspid="145" ordinal="3" offset="4" sl="53" sc="42" el="53" ec="60" bec="0" bev="0" fileid="5" />
                <SequencePoint vc="0" uspid="146" ordinal="4" offset="26" sl="53" sc="22" el="53" ec="38" bec="0" bev="0" fileid="5" />
                <SequencePoint vc="0" uspid="147" ordinal="5" offset="34" sl="54" sc="13" el="54" ec="14" bec="0" bev="0" fileid="5" />
                <SequencePoint vc="0" uspid="148" ordinal="6" offset="35" sl="55" sc="17" el="55" ec="74" bec="0" bev="0" fileid="5" />
                <SequencePoint vc="0" uspid="149" ordinal="7" offset="55" sl="56" sc="17" el="56" ec="75" bec="0" bev="0" fileid="5" />
                <SequencePoint vc="0" uspid="150" ordinal="8" offset="76" sl="57" sc="17" el="57" ec="73" bec="0" bev="0" fileid="5" />
                <SequencePoint vc="0" uspid="151" ordinal="9" offset="97" sl="58" sc="17" el="58" ec="76" bec="0" bev="0" fileid="5" />
                <SequencePoint vc="0" uspid="152" ordinal="10" offset="118" sl="60" sc="17" el="60" ec="59" bec="0" bev="0" fileid="5" />
                <SequencePoint vc="0" uspid="153" ordinal="11" offset="139" sl="61" sc="17" el="61" ec="60" bec="0" bev="0" fileid="5" />
                <SequencePoint vc="0" uspid="154" ordinal="12" offset="160" sl="62" sc="17" el="62" ec="58" bec="0" bev="0" fileid="5" />
                <SequencePoint vc="0" uspid="155" ordinal="13" offset="181" sl="63" sc="17" el="63" ec="61" bec="0" bev="0" fileid="5" />
                <SequencePoint vc="0" uspid="156" ordinal="14" offset="202" sl="65" sc="17" el="65" ec="148" bec="8" bev="0" fileid="5" />
                <SequencePoint vc="0" uspid="157" ordinal="15" offset="245" sl="66" sc="17" el="66" ec="18" bec="0" bev="0" fileid="5" />
                <SequencePoint vc="0" uspid="158" ordinal="16" offset="246" sl="67" sc="21" el="67" ec="42" bec="0" bev="0" fileid="5" />
                <SequencePoint vc="0" uspid="159" ordinal="17" offset="254" sl="68" sc="21" el="68" ec="37" bec="0" bev="0" fileid="5" />
                <SequencePoint vc="0" uspid="160" ordinal="18" offset="256" sl="69" sc="17" el="69" ec="18" bec="0" bev="0" fileid="5" />
                <SequencePoint vc="0" uspid="161" ordinal="19" offset="257" sl="70" sc="17" el="70" ec="147" bec="8" bev="0" fileid="5" />
                <SequencePoint vc="0" uspid="162" ordinal="20" offset="300" sl="71" sc="17" el="71" ec="18" bec="0" bev="0" fileid="5" />
                <SequencePoint vc="0" uspid="163" ordinal="21" offset="301" sl="72" sc="21" el="72" ec="41" bec="0" bev="0" fileid="5" />
                <SequencePoint vc="0" uspid="164" ordinal="22" offset="309" sl="73" sc="21" el="73" ec="37" bec="0" bev="0" fileid="5" />
                <SequencePoint vc="0" uspid="165" ordinal="23" offset="311" sl="74" sc="17" el="74" ec="18" bec="0" bev="0" fileid="5" />
                <SequencePoint vc="0" uspid="166" ordinal="24" offset="312" sl="75" sc="13" el="75" ec="14" bec="0" bev="0" fileid="5" />
                <SequencePoint vc="0" uspid="167" ordinal="25" offset="313" sl="53" sc="39" el="53" ec="41" bec="0" bev="0" fileid="5" />
                <SequencePoint vc="0" uspid="168" ordinal="26" offset="342" sl="76" sc="13" el="76" ec="29" bec="0" bev="0" fileid="5" />
                <SequencePoint vc="0" uspid="169" ordinal="27" offset="347" sl="77" sc="9" el="77" ec="10" bec="0" bev="0" fileid="5" />
              </SequencePoints>
              <BranchPoints>
                <BranchPoint vc="0" uspid="170" ordinal="0" offset="208" sl="65" path="0" offsetend="210" fileid="5" />
                <BranchPoint vc="0" uspid="171" ordinal="1" offset="208" sl="65" path="1" offsetend="238" fileid="5" />
                <BranchPoint vc="0" uspid="172" ordinal="2" offset="213" sl="65" path="0" offsetend="215" fileid="5" />
                <BranchPoint vc="0" uspid="173" ordinal="3" offset="213" sl="65" path="1" offsetend="235" fileid="5" />
                <BranchPoint vc="0" uspid="174" ordinal="4" offset="219" sl="65" path="0" offsetend="221" fileid="5" />
                <BranchPoint vc="0" uspid="175" ordinal="5" offset="219" sl="65" path="1" offsetend="235" fileid="5" />
                <BranchPoint vc="0" uspid="176" ordinal="6" offset="225" sl="65" path="0" offsetend="227" fileid="5" />
                <BranchPoint vc="0" uspid="177" ordinal="7" offset="225" sl="65" path="1" offsetend="235" fileid="5" />
                <BranchPoint vc="0" uspid="178" ordinal="8" offset="243" sl="65" path="0" offsetend="245" fileid="5" />
                <BranchPoint vc="0" uspid="179" ordinal="9" offset="243" sl="65" path="1" offsetend="257" fileid="5" />
                <BranchPoint vc="0" uspid="180" ordinal="10" offset="263" sl="70" path="0" offsetend="265" fileid="5" />
                <BranchPoint vc="0" uspid="181" ordinal="11" offset="263" sl="70" path="1" offsetend="293" fileid="5" />
                <BranchPoint vc="0" uspid="182" ordinal="12" offset="268" sl="70" path="0" offsetend="270" fileid="5" />
                <BranchPoint vc="0" uspid="183" ordinal="13" offset="268" sl="70" path="1" offsetend="290" fileid="5" />
                <BranchPoint vc="0" uspid="184" ordinal="14" offset="274" sl="70" path="0" offsetend="276" fileid="5" />
                <BranchPoint vc="0" uspid="185" ordinal="15" offset="274" sl="70" path="1" offsetend="290" fileid="5" />
                <BranchPoint vc="0" uspid="186" ordinal="16" offset="280" sl="70" path="0" offsetend="282" fileid="5" />
                <BranchPoint vc="0" uspid="187" ordinal="17" offset="280" sl="70" path="1" offsetend="290" fileid="5" />
                <BranchPoint vc="0" uspid="188" ordinal="18" offset="298" sl="70" path="0" offsetend="300" fileid="5" />
                <BranchPoint vc="0" uspid="189" ordinal="19" offset="298" sl="70" path="1" offsetend="312" fileid="5" />
              </BranchPoints>
              <MethodPoint xsi:type="SequencePoint" vc="0" uspid="142" ordinal="0" offset="0" sl="51" sc="9" el="51" ec="10" bec="0" bev="0" fileid="5" />
            </Method>
            <Method visited="false" cyclomaticComplexity="7" nPathComplexity="64" sequenceCoverage="0" branchCoverage="0" crapScore="56" isConstructor="false" isStatic="false" isGetter="false" isSetter="false">
              <Summary numSequencePoints="20" visitedSequencePoints="0" numBranchPoints="13" visitedBranchPoints="0" sequenceCoverage="0" branchCoverage="0" maxCyclomaticComplexity="7" minCyclomaticComplexity="7" maxCrapScore="56" minCrapScore="56" visitedClasses="0" numClasses="0" visitedMethods="0" numMethods="1" />
              <MetadataToken>100663315</MetadataToken>
              <Name>System.Void WorldOfTanks2.Action::DebuffsFirstPlayer(WorldOfTanks2.InteractionWithGameScene.Tank)</Name>
              <FileRef uid="5" />
              <SequencePoints>
                <SequencePoint vc="0" uspid="192" ordinal="0" offset="0" sl="83" sc="9" el="83" ec="10" bec="0" bev="0" fileid="5" />
                <SequencePoint vc="0" uspid="193" ordinal="1" offset="1" sl="84" sc="13" el="84" ec="51" bec="2" bev="0" fileid="5" />
                <SequencePoint vc="0" uspid="194" ordinal="2" offset="12" sl="85" sc="13" el="85" ec="14" bec="0" bev="0" fileid="5" />
                <SequencePoint vc="0" uspid="195" ordinal="3" offset="13" sl="87" sc="17" el="87" ec="61" bec="4" bev="0" fileid="5" />
                <SequencePoint vc="0" uspid="196" ordinal="4" offset="37" sl="88" sc="17" el="88" ec="18" bec="0" bev="0" fileid="5" />
                <SequencePoint vc="0" uspid="197" ordinal="5" offset="38" sl="89" sc="21" el="89" ec="60" bec="0" bev="0" fileid="5" />
                <SequencePoint vc="0" uspid="198" ordinal="6" offset="46" sl="90" sc="21" el="90" ec="57" bec="0" bev="0" fileid="5" />
                <SequencePoint vc="0" uspid="199" ordinal="7" offset="65" sl="91" sc="17" el="91" ec="18" bec="0" bev="0" fileid="5" />
                <SequencePoint vc="0" uspid="200" ordinal="8" offset="66" sl="92" sc="17" el="92" ec="60" bec="4" bev="0" fileid="5" />
                <SequencePoint vc="0" uspid="201" ordinal="9" offset="90" sl="93" sc="17" el="93" ec="18" bec="0" bev="0" fileid="5" />
                <SequencePoint vc="0" uspid="202" ordinal="10" offset="91" sl="94" sc="21" el="94" ec="55" bec="0" bev="0" fileid="5" />
                <SequencePoint vc="0" uspid="203" ordinal="11" offset="99" sl="95" sc="21" el="95" ec="57" bec="0" bev="0" fileid="5" />
                <SequencePoint vc="0" uspid="204" ordinal="12" offset="118" sl="96" sc="17" el="96" ec="18" bec="0" bev="0" fileid="5" />
                <SequencePoint vc="0" uspid="205" ordinal="13" offset="119" sl="97" sc="13" el="97" ec="14" bec="0" bev="0" fileid="5" />
                <SequencePoint vc="0" uspid="206" ordinal="14" offset="122" sl="98" sc="18" el="98" ec="45" bec="2" bev="0" fileid="5" />
                <SequencePoint vc="0" uspid="207" ordinal="15" offset="138" sl="99" sc="13" el="99" ec="14" bec="0" bev="0" fileid="5" />
                <SequencePoint vc="0" uspid="208" ordinal="16" offset="139" sl="100" sc="17" el="101" ec="148" bec="0" bev="0" fileid="5" />
                <SequencePoint vc="0" uspid="209" ordinal="17" offset="213" sl="102" sc="17" el="102" ec="50" bec="0" bev="0" fileid="5" />
                <SequencePoint vc="0" uspid="210" ordinal="18" offset="233" sl="103" sc="13" el="103" ec="14" bec="0" bev="0" fileid="5" />
                <SequencePoint vc="0" uspid="211" ordinal="19" offset="234" sl="104" sc="9" el="104" ec="10" bec="0" bev="0" fileid="5" />
              </SequencePoints>
              <BranchPoints>
                <BranchPoint vc="0" uspid="212" ordinal="0" offset="10" sl="84" path="0" offsetend="12" fileid="5" />
                <BranchPoint vc="0" uspid="213" ordinal="1" offset="10" sl="84" path="1" offsetend="122" fileid="5" />
                <BranchPoint vc="0" uspid="214" ordinal="2" offset="19" sl="87" path="0" offsetend="21" fileid="5" />
                <BranchPoint vc="0" uspid="215" ordinal="3" offset="19" sl="87" path="1" offsetend="32" fileid="5" />
                <BranchPoint vc="0" uspid="216" ordinal="4" offset="35" sl="87" path="0" offsetend="37" fileid="5" />
                <BranchPoint vc="0" uspid="217" ordinal="5" offset="35" sl="87" path="1" offsetend="66" fileid="5" />
                <BranchPoint vc="0" uspid="218" ordinal="6" offset="72" sl="92" path="0" offsetend="74" fileid="5" />
                <BranchPoint vc="0" uspid="219" ordinal="7" offset="72" sl="92" path="1" offsetend="85" fileid="5" />
                <BranchPoint vc="0" uspid="220" ordinal="8" offset="88" sl="92" path="0" offsetend="90" fileid="5" />
                <BranchPoint vc="0" uspid="221" ordinal="9" offset="88" sl="92" path="1" offsetend="119" fileid="5" />
                <BranchPoint vc="0" uspid="222" ordinal="10" offset="136" sl="98" path="0" offsetend="138" fileid="5" />
                <BranchPoint vc="0" uspid="223" ordinal="11" offset="136" sl="98" path="1" offsetend="234" fileid="5" />
              </BranchPoints>
              <MethodPoint xsi:type="SequencePoint" vc="0" uspid="192" ordinal="0" offset="0" sl="83" sc="9" el="83" ec="10" bec="0" bev="0" fileid="5" />
            </Method>
            <Method visited="false" cyclomaticComplexity="7" nPathComplexity="64" sequenceCoverage="0" branchCoverage="0" crapScore="56" isConstructor="false" isStatic="false" isGetter="false" isSetter="false">
              <Summary numSequencePoints="20" visitedSequencePoints="0" numBranchPoints="13" visitedBranchPoints="0" sequenceCoverage="0" branchCoverage="0" maxCyclomaticComplexity="7" minCyclomaticComplexity="7" maxCrapScore="56" minCrapScore="56" visitedClasses="0" numClasses="0" visitedMethods="0" numMethods="1" />
              <MetadataToken>100663316</MetadataToken>
              <Name>System.Void WorldOfTanks2.Action::DebuffsSecondPlayer(WorldOfTanks2.InteractionWithGameScene.Tank)</Name>
              <FileRef uid="5" />
              <SequencePoints>
                <SequencePoint vc="0" uspid="224" ordinal="0" offset="0" sl="110" sc="9" el="110" ec="10" bec="0" bev="0" fileid="5" />
                <SequencePoint vc="0" uspid="225" ordinal="1" offset="1" sl="111" sc="13" el="111" ec="51" bec="2" bev="0" fileid="5" />
                <SequencePoint vc="0" uspid="226" ordinal="2" offset="12" sl="112" sc="13" el="112" ec="14" bec="0" bev="0" fileid="5" />
                <SequencePoint vc="0" uspid="227" ordinal="3" offset="13" sl="113" sc="17" el="113" ec="61" bec="4" bev="0" fileid="5" />
                <SequencePoint vc="0" uspid="228" ordinal="4" offset="37" sl="114" sc="17" el="114" ec="18" bec="0" bev="0" fileid="5" />
                <SequencePoint vc="0" uspid="229" ordinal="5" offset="38" sl="115" sc="21" el="115" ec="60" bec="0" bev="0" fileid="5" />
                <SequencePoint vc="0" uspid="230" ordinal="6" offset="46" sl="116" sc="21" el="116" ec="57" bec="0" bev="0" fileid="5" />
                <SequencePoint vc="0" uspid="231" ordinal="7" offset="65" sl="117" sc="17" el="117" ec="18" bec="0" bev="0" fileid="5" />
                <SequencePoint vc="0" uspid="232" ordinal="8" offset="66" sl="118" sc="17" el="118" ec="60" bec="4" bev="0" fileid="5" />
                <SequencePoint vc="0" uspid="233" ordinal="9" offset="90" sl="119" sc="17" el="119" ec="18" bec="0" bev="0" fileid="5" />
                <SequencePoint vc="0" uspid="234" ordinal="10" offset="91" sl="120" sc="21" el="120" ec="55" bec="0" bev="0" fileid="5" />
                <SequencePoint vc="0" uspid="235" ordinal="11" offset="99" sl="121" sc="21" el="121" ec="57" bec="0" bev="0" fileid="5" />
                <SequencePoint vc="0" uspid="236" ordinal="12" offset="118" sl="122" sc="17" el="122" ec="18" bec="0" bev="0" fileid="5" />
                <SequencePoint vc="0" uspid="237" ordinal="13" offset="119" sl="123" sc="13" el="123" ec="14" bec="0" bev="0" fileid="5" />
                <SequencePoint vc="0" uspid="238" ordinal="14" offset="122" sl="124" sc="18" el="124" ec="45" bec="2" bev="0" fileid="5" />
                <SequencePoint vc="0" uspid="239" ordinal="15" offset="138" sl="125" sc="13" el="125" ec="14" bec="0" bev="0" fileid="5" />
                <SequencePoint vc="0" uspid="240" ordinal="16" offset="139" sl="126" sc="17" el="127" ec="156" bec="0" bev="0" fileid="5" />
                <SequencePoint vc="0" uspid="241" ordinal="17" offset="213" sl="129" sc="17" el="129" ec="50" bec="0" bev="0" fileid="5" />
                <SequencePoint vc="0" uspid="242" ordinal="18" offset="233" sl="130" sc="13" el="130" ec="14" bec="0" bev="0" fileid="5" />
                <SequencePoint vc="0" uspid="243" ordinal="19" offset="234" sl="131" sc="9" el="131" ec="10" bec="0" bev="0" fileid="5" />
              </SequencePoints>
              <BranchPoints>
                <BranchPoint vc="0" uspid="244" ordinal="0" offset="10" sl="111" path="0" offsetend="12" fileid="5" />
                <BranchPoint vc="0" uspid="245" ordinal="1" offset="10" sl="111" path="1" offsetend="122" fileid="5" />
                <BranchPoint vc="0" uspid="246" ordinal="2" offset="19" sl="113" path="0" offsetend="21" fileid="5" />
                <BranchPoint vc="0" uspid="247" ordinal="3" offset="19" sl="113" path="1" offsetend="32" fileid="5" />
                <BranchPoint vc="0" uspid="248" ordinal="4" offset="35" sl="113" path="0" offsetend="37" fileid="5" />
                <BranchPoint vc="0" uspid="249" ordinal="5" offset="35" sl="113" path="1" offsetend="66" fileid="5" />
                <BranchPoint vc="0" uspid="250" ordinal="6" offset="72" sl="118" path="0" offsetend="74" fileid="5" />
                <BranchPoint vc="0" uspid="251" ordinal="7" offset="72" sl="118" path="1" offsetend="85" fileid="5" />
                <BranchPoint vc="0" uspid="252" ordinal="8" offset="88" sl="118" path="0" offsetend="90" fileid="5" />
                <BranchPoint vc="0" uspid="253" ordinal="9" offset="88" sl="118" path="1" offsetend="119" fileid="5" />
                <BranchPoint vc="0" uspid="254" ordinal="10" offset="136" sl="124" path="0" offsetend="138" fileid="5" />
                <BranchPoint vc="0" uspid="255" ordinal="11" offset="136" sl="124" path="1" offsetend="234" fileid="5" />
              </BranchPoints>
              <MethodPoint xsi:type="SequencePoint" vc="0" uspid="224" ordinal="0" offset="0" sl="110" sc="9" el="110" ec="10" bec="0" bev="0" fileid="5" />
            </Method>
            <Method visited="false" cyclomaticComplexity="19" nPathComplexity="262144" sequenceCoverage="0" branchCoverage="0" crapScore="380" isConstructor="false" isStatic="false" isGetter="false" isSetter="false">
              <Summary numSequencePoints="49" visitedSequencePoints="0" numBranchPoints="37" visitedBranchPoints="0" sequenceCoverage="0" branchCoverage="0" maxCyclomaticComplexity="19" minCyclomaticComplexity="19" maxCrapScore="380" minCrapScore="380" visitedClasses="0" numClasses="0" visitedMethods="0" numMethods="1" />
              <MetadataToken>100663317</MetadataToken>
              <Name>System.Void WorldOfTanks2.Action::FirstPlayerAction(WorldOfTanks2.InteractionWithGameScene.Tank)</Name>
              <FileRef uid="5" />
              <SequencePoints>
                <SequencePoint vc="0" uspid="256" ordinal="0" offset="0" sl="137" sc="9" el="137" ec="10" bec="0" bev="0" fileid="5" />
                <SequencePoint vc="0" uspid="257" ordinal="1" offset="1" sl="138" sc="13" el="138" ec="45" bec="0" bev="0" fileid="5" />
                <SequencePoint vc="0" uspid="258" ordinal="2" offset="12" sl="140" sc="13" el="140" ec="80" bec="0" bev="0" fileid="5" />
                <SequencePoint vc="0" uspid="259" ordinal="3" offset="37" sl="142" sc="13" el="142" ec="34" bec="2" bev="0" fileid="5" />
                <SequencePoint vc="0" uspid="260" ordinal="4" offset="54" sl="143" sc="13" el="143" ec="14" bec="0" bev="0" fileid="5" />
                <SequencePoint vc="0" uspid="261" ordinal="5" offset="55" sl="144" sc="17" el="144" ec="105" bec="2" bev="0" fileid="5" />
                <SequencePoint vc="0" uspid="262" ordinal="6" offset="93" sl="145" sc="21" el="145" ec="54" bec="0" bev="0" fileid="5" />
                <SequencePoint vc="0" uspid="263" ordinal="7" offset="113" sl="147" sc="21" el="147" ec="45" bec="0" bev="0" fileid="5" />
                <SequencePoint vc="0" uspid="264" ordinal="8" offset="125" sl="148" sc="13" el="148" ec="14" bec="0" bev="0" fileid="5" />
                <SequencePoint vc="0" uspid="265" ordinal="9" offset="126" sl="149" sc="13" el="149" ec="34" bec="2" bev="0" fileid="5" />
                <SequencePoint vc="0" uspid="266" ordinal="10" offset="143" sl="150" sc="13" el="150" ec="14" bec="0" bev="0" fileid="5" />
                <SequencePoint vc="0" uspid="267" ordinal="11" offset="144" sl="151" sc="17" el="151" ec="105" bec="2" bev="0" fileid="5" />
                <SequencePoint vc="0" uspid="268" ordinal="12" offset="182" sl="152" sc="21" el="152" ec="54" bec="0" bev="0" fileid="5" />
                <SequencePoint vc="0" uspid="269" ordinal="13" offset="202" sl="154" sc="21" el="154" ec="45" bec="0" bev="0" fileid="5" />
                <SequencePoint vc="0" uspid="270" ordinal="14" offset="214" sl="155" sc="13" el="155" ec="14" bec="0" bev="0" fileid="5" />
                <SequencePoint vc="0" uspid="271" ordinal="15" offset="215" sl="156" sc="13" el="156" ec="34" bec="2" bev="0" fileid="5" />
                <SequencePoint vc="0" uspid="272" ordinal="16" offset="234" sl="157" sc="13" el="157" ec="14" bec="0" bev="0" fileid="5" />
                <SequencePoint vc="0" uspid="273" ordinal="17" offset="235" sl="158" sc="17" el="158" ec="105" bec="2" bev="0" fileid="5" />
                <SequencePoint vc="0" uspid="274" ordinal="18" offset="275" sl="159" sc="21" el="159" ec="54" bec="0" bev="0" fileid="5" />
                <SequencePoint vc="0" uspid="275" ordinal="19" offset="295" sl="161" sc="21" el="161" ec="45" bec="0" bev="0" fileid="5" />
                <SequencePoint vc="0" uspid="276" ordinal="20" offset="307" sl="162" sc="13" el="162" ec="14" bec="0" bev="0" fileid="5" />
                <SequencePoint vc="0" uspid="277" ordinal="21" offset="308" sl="163" sc="13" el="163" ec="34" bec="2" bev="0" fileid="5" />
                <SequencePoint vc="0" uspid="278" ordinal="22" offset="327" sl="164" sc="13" el="164" ec="14" bec="0" bev="0" fileid="5" />
                <SequencePoint vc="0" uspid="279" ordinal="23" offset="328" sl="165" sc="17" el="165" ec="105" bec="2" bev="0" fileid="5" />
                <SequencePoint vc="0" uspid="280" ordinal="24" offset="368" sl="166" sc="21" el="166" ec="54" bec="0" bev="0" fileid="5" />
                <SequencePoint vc="0" uspid="281" ordinal="25" offset="388" sl="168" sc="21" el="168" ec="45" bec="0" bev="0" fileid="5" />
                <SequencePoint vc="0" uspid="282" ordinal="26" offset="400" sl="169" sc="13" el="169" ec="14" bec="0" bev="0" fileid="5" />
                <SequencePoint vc="0" uspid="283" ordinal="27" offset="401" sl="170" sc="13" el="170" ec="85" bec="4" bev="0" fileid="5" />
                <SequencePoint vc="0" uspid="284" ordinal="28" offset="456" sl="171" sc="13" el="171" ec="14" bec="0" bev="0" fileid="5" />
                <SequencePoint vc="0" uspid="285" ordinal="29" offset="457" sl="172" sc="17" el="172" ec="37" bec="0" bev="0" fileid="5" />
                <SequencePoint vc="0" uspid="286" ordinal="30" offset="464" sl="173" sc="13" el="173" ec="14" bec="0" bev="0" fileid="5" />
                <SequencePoint vc="0" uspid="287" ordinal="31" offset="465" sl="174" sc="13" el="174" ec="85" bec="4" bev="0" fileid="5" />
                <SequencePoint vc="0" uspid="288" ordinal="32" offset="523" sl="175" sc="13" el="175" ec="14" bec="0" bev="0" fileid="5" />
                <SequencePoint vc="0" uspid="289" ordinal="33" offset="524" sl="176" sc="17" el="176" ec="46" bec="2" bev="0" fileid="5" />
                <SequencePoint vc="0" uspid="290" ordinal="34" offset="536" sl="177" sc="17" el="177" ec="18" bec="0" bev="0" fileid="5" />
                <SequencePoint vc="0" uspid="291" ordinal="35" offset="537" sl="178" sc="21" el="178" ec="75" bec="4" bev="0" fileid="5" />
                <SequencePoint vc="0" uspid="292" ordinal="36" offset="571" sl="179" sc="21" el="179" ec="22" bec="0" bev="0" fileid="5" />
                <SequencePoint vc="0" uspid="293" ordinal="37" offset="572" sl="180" sc="25" el="180" ec="52" bec="2" bev="0" fileid="5" />
                <SequencePoint vc="0" uspid="294" ordinal="38" offset="587" sl="180" sc="53" el="180" ec="85" bec="0" bev="0" fileid="5" />
                <SequencePoint vc="0" uspid="295" ordinal="39" offset="605" sl="181" sc="21" el="181" ec="22" bec="0" bev="0" fileid="5" />
                <SequencePoint vc="0" uspid="296" ordinal="40" offset="608" sl="182" sc="26" el="182" ec="51" bec="2" bev="0" fileid="5" />
                <SequencePoint vc="0" uspid="297" ordinal="41" offset="623" sl="183" sc="21" el="183" ec="22" bec="0" bev="0" fileid="5" />
                <SequencePoint vc="0" uspid="298" ordinal="42" offset="624" sl="184" sc="25" el="184" ec="52" bec="2" bev="0" fileid="5" />
                <SequencePoint vc="0" uspid="299" ordinal="43" offset="639" sl="184" sc="53" el="184" ec="85" bec="0" bev="0" fileid="5" />
                <SequencePoint vc="0" uspid="300" ordinal="44" offset="657" sl="185" sc="21" el="185" ec="22" bec="0" bev="0" fileid="5" />
                <SequencePoint vc="0" uspid="301" ordinal="45" offset="658" sl="186" sc="17" el="186" ec="18" bec="0" bev="0" fileid="5" />
                <SequencePoint vc="0" uspid="302" ordinal="46" offset="659" sl="187" sc="13" el="187" ec="14" bec="0" bev="0" fileid="5" />
                <SequencePoint vc="0" uspid="303" ordinal="47" offset="660" sl="188" sc="13" el="188" ec="44" bec="0" bev="0" fileid="5" />
                <SequencePoint vc="0" uspid="304" ordinal="48" offset="672" sl="189" sc="9" el="189" ec="10" bec="0" bev="0" fileid="5" />
              </SequencePoints>
              <BranchPoints>
                <BranchPoint vc="0" uspid="305" ordinal="0" offset="52" sl="142" path="0" offsetend="54" fileid="5" />
                <BranchPoint vc="0" uspid="306" ordinal="1" offset="52" sl="142" path="1" offsetend="126" fileid="5" />
                <BranchPoint vc="0" uspid="307" ordinal="2" offset="91" sl="144" path="0" offsetend="93" fileid="5" />
                <BranchPoint vc="0" uspid="308" ordinal="3" offset="91" sl="144" path="1" offsetend="113" fileid="5" />
                <BranchPoint vc="0" uspid="309" ordinal="4" offset="141" sl="149" path="0" offsetend="143" fileid="5" />
                <BranchPoint vc="0" uspid="310" ordinal="5" offset="141" sl="149" path="1" offsetend="215" fileid="5" />
                <BranchPoint vc="0" uspid="311" ordinal="6" offset="180" sl="151" path="0" offsetend="182" fileid="5" />
                <BranchPoint vc="0" uspid="312" ordinal="7" offset="180" sl="151" path="1" offsetend="202" fileid="5" />
                <BranchPoint vc="0" uspid="313" ordinal="8" offset="232" sl="156" path="0" offsetend="234" fileid="5" />
                <BranchPoint vc="0" uspid="314" ordinal="9" offset="232" sl="156" path="1" offsetend="308" fileid="5" />
                <BranchPoint vc="0" uspid="315" ordinal="10" offset="273" sl="158" path="0" offsetend="275" fileid="5" />
                <BranchPoint vc="0" uspid="316" ordinal="11" offset="273" sl="158" path="1" offsetend="295" fileid="5" />
                <BranchPoint vc="0" uspid="317" ordinal="12" offset="325" sl="163" path="0" offsetend="327" fileid="5" />
                <BranchPoint vc="0" uspid="318" ordinal="13" offset="325" sl="163" path="1" offsetend="401" fileid="5" />
                <BranchPoint vc="0" uspid="319" ordinal="14" offset="366" sl="165" path="0" offsetend="368" fileid="5" />
                <BranchPoint vc="0" uspid="320" ordinal="15" offset="366" sl="165" path="1" offsetend="388" fileid="5" />
                <BranchPoint vc="0" uspid="321" ordinal="16" offset="414" sl="170" path="0" offsetend="416" fileid="5" />
                <BranchPoint vc="0" uspid="322" ordinal="17" offset="414" sl="170" path="1" offsetend="449" fileid="5" />
                <BranchPoint vc="0" uspid="323" ordinal="18" offset="454" sl="170" path="0" offsetend="456" fileid="5" />
                <BranchPoint vc="0" uspid="324" ordinal="19" offset="454" sl="170" path="1" offsetend="465" fileid="5" />
                <BranchPoint vc="0" uspid="325" ordinal="20" offset="478" sl="174" path="0" offsetend="480" fileid="5" />
                <BranchPoint vc="0" uspid="326" ordinal="21" offset="478" sl="174" path="1" offsetend="513" fileid="5" />
                <BranchPoint vc="0" uspid="327" ordinal="22" offset="518" sl="174" path="0" offsetend="523" fileid="5" />
                <BranchPoint vc="0" uspid="328" ordinal="23" offset="518" sl="174" path="1" offsetend="660" fileid="5" />
                <BranchPoint vc="0" uspid="329" ordinal="24" offset="534" sl="176" path="0" offsetend="536" fileid="5" />
                <BranchPoint vc="0" uspid="330" ordinal="25" offset="534" sl="176" path="1" offsetend="659" fileid="5" />
                <BranchPoint vc="0" uspid="331" ordinal="26" offset="543" sl="178" path="0" offsetend="545" fileid="5" />
                <BranchPoint vc="0" uspid="332" ordinal="27" offset="543" sl="178" path="1" offsetend="564" fileid="5" />
                <BranchPoint vc="0" uspid="333" ordinal="28" offset="569" sl="178" path="0" offsetend="571" fileid="5" />
                <BranchPoint vc="0" uspid="334" ordinal="29" offset="569" sl="178" path="1" offsetend="608" fileid="5" />
                <BranchPoint vc="0" uspid="335" ordinal="30" offset="585" sl="180" path="0" offsetend="587" fileid="5" />
                <BranchPoint vc="0" uspid="336" ordinal="31" offset="585" sl="180" path="1" offsetend="605" fileid="5" />
                <BranchPoint vc="0" uspid="337" ordinal="32" offset="621" sl="182" path="0" offsetend="623" fileid="5" />
                <BranchPoint vc="0" uspid="338" ordinal="33" offset="621" sl="182" path="1" offsetend="658" fileid="5" />
                <BranchPoint vc="0" uspid="339" ordinal="34" offset="637" sl="184" path="0" offsetend="639" fileid="5" />
                <BranchPoint vc="0" uspid="340" ordinal="35" offset="637" sl="184" path="1" offsetend="657" fileid="5" />
              </BranchPoints>
              <MethodPoint xsi:type="SequencePoint" vc="0" uspid="256" ordinal="0" offset="0" sl="137" sc="9" el="137" ec="10" bec="0" bev="0" fileid="5" />
            </Method>
            <Method visited="false" cyclomaticComplexity="19" nPathComplexity="262144" sequenceCoverage="0" branchCoverage="0" crapScore="380" isConstructor="false" isStatic="false" isGetter="false" isSetter="false">
              <Summary numSequencePoints="49" visitedSequencePoints="0" numBranchPoints="37" visitedBranchPoints="0" sequenceCoverage="0" branchCoverage="0" maxCyclomaticComplexity="19" minCyclomaticComplexity="19" maxCrapScore="380" minCrapScore="380" visitedClasses="0" numClasses="0" visitedMethods="0" numMethods="1" />
              <MetadataToken>100663318</MetadataToken>
              <Name>System.Void WorldOfTanks2.Action::SecondPlayerAction(WorldOfTanks2.InteractionWithGameScene.Tank)</Name>
              <FileRef uid="5" />
              <SequencePoints>
                <SequencePoint vc="0" uspid="341" ordinal="0" offset="0" sl="195" sc="9" el="195" ec="10" bec="0" bev="0" fileid="5" />
                <SequencePoint vc="0" uspid="342" ordinal="1" offset="1" sl="196" sc="13" el="196" ec="45" bec="0" bev="0" fileid="5" />
                <SequencePoint vc="0" uspid="343" ordinal="2" offset="12" sl="198" sc="13" el="198" ec="80" bec="0" bev="0" fileid="5" />
                <SequencePoint vc="0" uspid="344" ordinal="3" offset="37" sl="200" sc="13" el="200" ec="35" bec="2" bev="0" fileid="5" />
                <SequencePoint vc="0" uspid="345" ordinal="4" offset="54" sl="201" sc="13" el="201" ec="14" bec="0" bev="0" fileid="5" />
                <SequencePoint vc="0" uspid="346" ordinal="5" offset="55" sl="202" sc="17" el="202" ec="105" bec="2" bev="0" fileid="5" />
                <SequencePoint vc="0" uspid="347" ordinal="6" offset="93" sl="203" sc="21" el="203" ec="54" bec="0" bev="0" fileid="5" />
                <SequencePoint vc="0" uspid="348" ordinal="7" offset="113" sl="205" sc="21" el="205" ec="45" bec="0" bev="0" fileid="5" />
                <SequencePoint vc="0" uspid="349" ordinal="8" offset="125" sl="206" sc="13" el="206" ec="14" bec="0" bev="0" fileid="5" />
                <SequencePoint vc="0" uspid="350" ordinal="9" offset="126" sl="207" sc="13" el="207" ec="37" bec="2" bev="0" fileid="5" />
                <SequencePoint vc="0" uspid="351" ordinal="10" offset="143" sl="208" sc="13" el="208" ec="14" bec="0" bev="0" fileid="5" />
                <SequencePoint vc="0" uspid="352" ordinal="11" offset="144" sl="209" sc="17" el="209" ec="105" bec="2" bev="0" fileid="5" />
                <SequencePoint vc="0" uspid="353" ordinal="12" offset="182" sl="210" sc="21" el="210" ec="54" bec="0" bev="0" fileid="5" />
                <SequencePoint vc="0" uspid="354" ordinal="13" offset="202" sl="212" sc="21" el="212" ec="45" bec="0" bev="0" fileid="5" />
                <SequencePoint vc="0" uspid="355" ordinal="14" offset="214" sl="213" sc="13" el="213" ec="14" bec="0" bev="0" fileid="5" />
                <SequencePoint vc="0" uspid="356" ordinal="15" offset="215" sl="214" sc="13" el="214" ec="38" bec="2" bev="0" fileid="5" />
                <SequencePoint vc="0" uspid="357" ordinal="16" offset="234" sl="215" sc="13" el="215" ec="14" bec="0" bev="0" fileid="5" />
                <SequencePoint vc="0" uspid="358" ordinal="17" offset="235" sl="216" sc="17" el="216" ec="105" bec="2" bev="0" fileid="5" />
                <SequencePoint vc="0" uspid="359" ordinal="18" offset="275" sl="217" sc="21" el="217" ec="54" bec="0" bev="0" fileid="5" />
                <SequencePoint vc="0" uspid="360" ordinal="19" offset="295" sl="219" sc="21" el="219" ec="45" bec="0" bev="0" fileid="5" />
                <SequencePoint vc="0" uspid="361" ordinal="20" offset="307" sl="220" sc="13" el="220" ec="14" bec="0" bev="0" fileid="5" />
                <SequencePoint vc="0" uspid="362" ordinal="21" offset="308" sl="221" sc="13" el="221" ec="37" bec="2" bev="0" fileid="5" />
                <SequencePoint vc="0" uspid="363" ordinal="22" offset="327" sl="222" sc="13" el="222" ec="14" bec="0" bev="0" fileid="5" />
                <SequencePoint vc="0" uspid="364" ordinal="23" offset="328" sl="223" sc="17" el="223" ec="105" bec="2" bev="0" fileid="5" />
                <SequencePoint vc="0" uspid="365" ordinal="24" offset="368" sl="224" sc="21" el="224" ec="54" bec="0" bev="0" fileid="5" />
                <SequencePoint vc="0" uspid="366" ordinal="25" offset="388" sl="226" sc="21" el="226" ec="45" bec="0" bev="0" fileid="5" />
                <SequencePoint vc="0" uspid="367" ordinal="26" offset="400" sl="227" sc="13" el="227" ec="14" bec="0" bev="0" fileid="5" />
                <SequencePoint vc="0" uspid="368" ordinal="27" offset="401" sl="228" sc="13" el="228" ec="113" bec="4" bev="0" fileid="5" />
                <SequencePoint vc="0" uspid="369" ordinal="28" offset="456" sl="229" sc="13" el="229" ec="14" bec="0" bev="0" fileid="5" />
                <SequencePoint vc="0" uspid="370" ordinal="29" offset="457" sl="230" sc="17" el="230" ec="37" bec="0" bev="0" fileid="5" />
                <SequencePoint vc="0" uspid="371" ordinal="30" offset="464" sl="231" sc="13" el="231" ec="14" bec="0" bev="0" fileid="5" />
                <SequencePoint vc="0" uspid="372" ordinal="31" offset="465" sl="232" sc="13" el="232" ec="110" bec="4" bev="0" fileid="5" />
                <SequencePoint vc="0" uspid="373" ordinal="32" offset="523" sl="233" sc="13" el="233" ec="14" bec="0" bev="0" fileid="5" />
                <SequencePoint vc="0" uspid="374" ordinal="33" offset="524" sl="234" sc="17" el="234" ec="46" bec="2" bev="0" fileid="5" />
                <SequencePoint vc="0" uspid="375" ordinal="34" offset="536" sl="235" sc="17" el="235" ec="18" bec="0" bev="0" fileid="5" />
[...]
              </SequencePoints>
              <BranchPoints />
              <MethodPoint xsi:type="SequencePoint" vc="0" uspid="1675" ordinal="0" offset="0" sl="67" sc="9" el="67" ec="10" bec="0" bev="0" fileid="24" />
            </Method>
            <Method visited="false" cyclomaticComplexity="1" nPathComplexity="0" sequenceCoverage="0" branchCoverage="0" crapScore="2" isConstructor="false" isStatic="false" isGetter="false" isSetter="false">
              <Summary numSequencePoints="3" visitedSequencePoints="0" numBranchPoints="1" visitedBranchPoints="0" sequenceCoverage="0" branchCoverage="0" maxCyclomaticComplexity="1" minCyclomaticComplexity="1" maxCrapScore="2" minCrapScore="2" visitedClasses="0" numClasses="0" visitedMethods="0" numMethods="1" />
              <MetadataToken>100663480</MetadataToken>
              <Name>System.Void WorldOfTanks2.InteractionWithGameScene.SlowedTank::Move(System.String,System.Single)</Name>
              <FileRef uid="24" />
              <SequencePoints>
                <SequencePoint vc="0" uspid="1678" ordinal="0" offset="0" sl="72" sc="9" el="72" ec="10" bec="0" bev="0" fileid="24" />
                <SequencePoint vc="0" uspid="1679" ordinal="1" offset="1" sl="73" sc="13" el="73" ec="44" bec="0" bev="0" fileid="24" />
                <SequencePoint vc="0" uspid="1680" ordinal="2" offset="15" sl="74" sc="9" el="74" ec="10" bec="0" bev="0" fileid="24" />
              </SequencePoints>
              <BranchPoints />
              <MethodPoint xsi:type="SequencePoint" vc="0" uspid="1678" ordinal="0" offset="0" sl="72" sc="9" el="72" ec="10" bec="0" bev="0" fileid="24" />
            </Method>
          </Methods>
        </Class>
        <Class>
          <Summary numSequencePoints="6" visitedSequencePoints="0" numBranchPoints="2" visitedBranchPoints="0" sequenceCoverage="0" branchCoverage="0" maxCyclomaticComplexity="1" minCyclomaticComplexity="1" maxCrapScore="2" minCrapScore="2" visitedClasses="0" numClasses="1" visitedMethods="0" numMethods="2" />
          <FullName>WorldOfTanks2.InteractionWithGameScene.Tank</FullName>
          <Methods>
            <Method visited="false" cyclomaticComplexity="1" nPathComplexity="0" sequenceCoverage="0" branchCoverage="0" crapScore="2" isConstructor="true" isStatic="false" isGetter="false" isSetter="false">
              <Summary numSequencePoints="3" visitedSequencePoints="0" numBranchPoints="1" visitedBranchPoints="0" sequenceCoverage="0" branchCoverage="0" maxCyclomaticComplexity="1" minCyclomaticComplexity="1" maxCrapScore="2" minCrapScore="2" visitedClasses="0" numClasses="0" visitedMethods="0" numMethods="1" />
              <MetadataToken>100663481</MetadataToken>
              <Name>System.Void WorldOfTanks2.InteractionWithGameScene.Tank::.ctor(System.Single,System.Single,System.Single,System.Single,System.Int32)</Name>
              <FileRef uid="25" />
              <SequencePoints>
                <SequencePoint vc="0" uspid="1681" ordinal="0" offset="0" sl="14" sc="87" el="14" ec="124" bec="0" bev="0" fileid="25" />
                <SequencePoint vc="0" uspid="1682" ordinal="1" offset="14" sl="15" sc="9" el="15" ec="10" bec="0" bev="0" fileid="25" />
                <SequencePoint vc="0" uspid="1683" ordinal="2" offset="15" sl="17" sc="9" el="17" ec="10" bec="0" bev="0" fileid="25" />
              </SequencePoints>
              <BranchPoints />
              <MethodPoint xsi:type="SequencePoint" vc="0" uspid="1681" ordinal="0" offset="0" sl="14" sc="87" el="14" ec="124" bec="0" bev="0" fileid="25" />
            </Method>
            <Method visited="false" cyclomaticComplexity="1" nPathComplexity="0" sequenceCoverage="0" branchCoverage="0" crapScore="2" isConstructor="true" isStatic="false" isGetter="false" isSetter="false">
              <Summary numSequencePoints="3" visitedSequencePoints="0" numBranchPoints="1" visitedBranchPoints="0" sequenceCoverage="0" branchCoverage="0" maxCyclomaticComplexity="1" minCyclomaticComplexity="1" maxCrapScore="2" minCrapScore="2" visitedClasses="0" numClasses="0" visitedMethods="0" numMethods="1" />
              <MetadataToken>100663482</MetadataToken>
              <Name>System.Void WorldOfTanks2.InteractionWithGameScene.Tank::.ctor()</Name>
              <FileRef uid="25" />
              <SequencePoints>
                <SequencePoint vc="0" uspid="1684" ordinal="0" offset="0" sl="18" sc="9" el="18" ec="22" bec="0" bev="0" fileid="25" />
                <SequencePoint vc="0" uspid="1685" ordinal="1" offset="7" sl="18" sc="23" el="18" ec="24" bec="0" bev="0" fileid="25" />
                <SequencePoint vc="0" uspid="1686" ordinal="2" offset="8" sl="18" sc="25" el="18" ec="26" bec="0" bev="0" fileid="25" />
              </SequencePoints>
              <BranchPoints />
              <MethodPoint xsi:type="SequencePoint" vc="0" uspid="1684" ordinal="0" offset="0" sl="18" sc="9" el="18" ec="22" bec="0" bev="0" fileid="25" />
            </Method>
          </Methods>
        </Class>
        <Class>
          <Summary numSequencePoints="4" visitedSequencePoints="0" numBranchPoints="1" visitedBranchPoints="0" sequenceCoverage="0" branchCoverage="0" maxCyclomaticComplexity="1" minCyclomaticComplexity="1" maxCrapScore="2" minCrapScore="2" visitedClasses="0" numClasses="1" visitedMethods="0" numMethods="1" />
          <FullName>WorldOfTanks2.InteractionWithGameScene.TankDecorator</FullName>
          <Methods>
            <Method visited="false" cyclomaticComplexity="1" nPathComplexity="0" sequenceCoverage="0" branchCoverage="0" crapScore="2" isConstructor="true" isStatic="false" isGetter="false" isSetter="false">
              <Summary numSequencePoints="4" visitedSequencePoints="0" numBranchPoints="1" visitedBranchPoints="0" sequenceCoverage="0" branchCoverage="0" maxCyclomaticComplexity="1" minCyclomaticComplexity="1" maxCrapScore="2" minCrapScore="2" visitedClasses="0" numClasses="0" visitedMethods="0" numMethods="1" />
              <MetadataToken>100663506</MetadataToken>
              <Name>System.Void WorldOfTanks2.InteractionWithGameScene.TankDecorator::.ctor(WorldOfTanks2.InteractionWithGameScene.Tank)</Name>
              <FileRef uid="26" />
              <SequencePoints>
                <SequencePoint vc="0" uspid="1687" ordinal="0" offset="0" sl="12" sc="9" el="12" ec="40" bec="0" bev="0" fileid="26" />
                <SequencePoint vc="0" uspid="1688" ordinal="1" offset="7" sl="13" sc="9" el="13" ec="10" bec="0" bev="0" fileid="26" />
                <SequencePoint vc="0" uspid="1689" ordinal="2" offset="8" sl="14" sc="13" el="14" ec="30" bec="0" bev="0" fileid="26" />
                <SequencePoint vc="0" uspid="1690" ordinal="3" offset="15" sl="15" sc="9" el="15" ec="10" bec="0" bev="0" fileid="26" />
              </SequencePoints>
              <BranchPoints />
              <MethodPoint xsi:type="SequencePoint" vc="0" uspid="1687" ordinal="0" offset="0" sl="12" sc="9" el="12" ec="40" bec="0" bev="0" fileid="26" />
            </Method>
          </Methods>
        </Class>
        <Class>
          <Summary numSequencePoints="40" visitedSequencePoints="0" numBranchPoints="7" visitedBranchPoints="0" sequenceCoverage="0" branchCoverage="0" maxCyclomaticComplexity="1" minCyclomaticComplexity="1" maxCrapScore="2" minCrapScore="2" visitedClasses="0" numClasses="1" visitedMethods="0" numMethods="7" />
          <FullName>WorldOfTanks2.Debuffs.DebuffObject</FullName>
          <Methods>
            <Method visited="false" cyclomaticComplexity="1" nPathComplexity="0" sequenceCoverage="0" branchCoverage="0" crapScore="2" isConstructor="false" isStatic="false" isGetter="true" isSetter="false">
              <Summary numSequencePoints="3" visitedSequencePoints="0" numBranchPoints="1" visitedBranchPoints="0" sequenceCoverage="0" branchCoverage="0" maxCyclomaticComplexity="1" minCyclomaticComplexity="1" maxCrapScore="2" minCrapScore="2" visitedClasses="0" numClasses="0" visitedMethods="0" numMethods="1" />
              <MetadataToken>100663507</MetadataToken>
              <Name>System.Single WorldOfTanks2.Debuffs.DebuffObject::get_X()</Name>
              <FileRef uid="27" />
              <SequencePoints>
                <SequencePoint vc="0" uspid="1691" ordinal="0" offset="0" sl="32" sc="17" el="32" ec="18" bec="0" bev="0" fileid="27" />
                <SequencePoint vc="0" uspid="1692" ordinal="1" offset="1" sl="32" sc="19" el="32" ec="28" bec="0" bev="0" fileid="27" />
                <SequencePoint vc="0" uspid="1693" ordinal="2" offset="10" sl="32" sc="29" el="32" ec="30" bec="0" bev="0" fileid="27" />
              </SequencePoints>
              <BranchPoints />
              <MethodPoint xsi:type="SequencePoint" vc="0" uspid="1691" ordinal="0" offset="0" sl="32" sc="17" el="32" ec="18" bec="0" bev="0" fileid="27" />
            </Method>
            <Method visited="false" cyclomaticComplexity="1" nPathComplexity="0" sequenceCoverage="0" branchCoverage="0" crapScore="2" isConstructor="false" isStatic="false" isGetter="false" isSetter="true">
              <Summary numSequencePoints="3" visitedSequencePoints="0" numBranchPoints="1" visitedBranchPoints="0" sequenceCoverage="0" branchCoverage="0" maxCyclomaticComplexity="1" minCyclomaticComplexity="1" maxCrapScore="2" minCrapScore="2" visitedClasses="0" numClasses="0" visitedMethods="0" numMethods="1" />
              <MetadataToken>100663508</MetadataToken>
              <Name>System.Void WorldOfTanks2.Debuffs.DebuffObject::set_X(System.Single)</Name>
              <FileRef uid="27" />
              <SequencePoints>
                <SequencePoint vc="0" uspid="1694" ordinal="0" offset="0" sl="33" sc="17" el="33" ec="18" bec="0" bev="0" fileid="27" />
                <SequencePoint vc="0" uspid="1695" ordinal="1" offset="1" sl="33" sc="19" el="33" ec="29" bec="0" bev="0" fileid="27" />
                <SequencePoint vc="0" uspid="1696" ordinal="2" offset="8" sl="33" sc="30" el="33" ec="31" bec="0" bev="0" fileid="27" />
              </SequencePoints>
              <BranchPoints />
              <MethodPoint xsi:type="SequencePoint" vc="0" uspid="1694" ordinal="0" offset="0" sl="33" sc="17" el="33" ec="18" bec="0" bev="0" fileid="27" />
            </Method>
            <Method visited="false" cyclomaticComplexity="1" nPathComplexity="0" sequenceCoverage="0" branchCoverage="0" crapScore="2" isConstructor="false" isStatic="false" isGetter="true" isSetter="false">
              <Summary numSequencePoints="3" visitedSequencePoints="0" numBranchPoints="1" visitedBranchPoints="0" sequenceCoverage="0" branchCoverage="0" maxCyclomaticComplexity="1" minCyclomaticComplexity="1" maxCrapScore="2" minCrapScore="2" visitedClasses="0" numClasses="0" visitedMethods="0" numMethods="1" />
              <MetadataToken>100663509</MetadataToken>
              <Name>System.Single WorldOfTanks2.Debuffs.DebuffObject::get_Y()</Name>
              <FileRef uid="27" />
              <SequencePoints>
                <SequencePoint vc="0" uspid="1697" ordinal="0" offset="0" sl="40" sc="17" el="40" ec="18" bec="0" bev="0" fileid="27" />
                <SequencePoint vc="0" uspid="1698" ordinal="1" offset="1" sl="40" sc="19" el="40" ec="28" bec="0" bev="0" fileid="27" />
                <SequencePoint vc="0" uspid="1699" ordinal="2" offset="10" sl="40" sc="29" el="40" ec="30" bec="0" bev="0" fileid="27" />
              </SequencePoints>
              <BranchPoints />
              <MethodPoint xsi:type="SequencePoint" vc="0" uspid="1697" ordinal="0" offset="0" sl="40" sc="17" el="40" ec="18" bec="0" bev="0" fileid="27" />
            </Method>
            <Method visited="false" cyclomaticComplexity="1" nPathComplexity="0" sequenceCoverage="0" branchCoverage="0" crapScore="2" isConstructor="false" isStatic="false" isGetter="false" isSetter="true">
              <Summary numSequencePoints="3" visitedSequencePoints="0" numBranchPoints="1" visitedBranchPoints="0" sequenceCoverage="0" branchCoverage="0" maxCyclomaticComplexity="1" minCyclomaticComplexity="1" maxCrapScore="2" minCrapScore="2" visitedClasses="0" numClasses="0" visitedMethods="0" numMethods="1" />
              <MetadataToken>100663510</MetadataToken>
              <Name>System.Void WorldOfTanks2.Debuffs.DebuffObject::set_Y(System.Single)</Name>
              <FileRef uid="27" />
              <SequencePoints>
                <SequencePoint vc="0" uspid="1700" ordinal="0" offset="0" sl="41" sc="17" el="41" ec="18" bec="0" bev="0" fileid="27" />
                <SequencePoint vc="0" uspid="1701" ordinal="1" offset="1" sl="41" sc="19" el="41" ec="29" bec="0" bev="0" fileid="27" />
                <SequencePoint vc="0" uspid="1702" ordinal="2" offset="8" sl="41" sc="30" el="41" ec="31" bec="0" bev="0" fileid="27" />
              </SequencePoints>
              <BranchPoints />
              <MethodPoint xsi:type="SequencePoint" vc="0" uspid="1700" ordinal="0" offset="0" sl="41" sc="17" el="41" ec="18" bec="0" bev="0" fileid="27" />
            </Method>
            <Method visited="false" cyclomaticComplexity="1" nPathComplexity="0" sequenceCoverage="0" branchCoverage="0" crapScore="2" isConstructor="false" isStatic="false" isGetter="true" isSetter="false">
              <Summary numSequencePoints="3" visitedSequencePoints="0" numBranchPoints="1" visitedBranchPoints="0" sequenceCoverage="0" branchCoverage="0" maxCyclomaticComplexity="1" minCyclomaticComplexity="1" maxCrapScore="2" minCrapScore="2" visitedClasses="0" numClasses="0" visitedMethods="0" numMethods="1" />
              <MetadataToken>100663511</MetadataToken>
              <Name>System.Single WorldOfTanks2.Debuffs.DebuffObject::get_Width()</Name>
              <FileRef uid="27" />
              <SequencePoints>
                <SequencePoint vc="0" uspid="1703" ordinal="0" offset="0" sl="48" sc="17" el="48" ec="18" bec="0" bev="0" fileid="27" />
                <SequencePoint vc="0" uspid="1704" ordinal="1" offset="1" sl="48" sc="19" el="48" ec="32" bec="0" bev="0" fileid="27" />
                <SequencePoint vc="0" uspid="1705" ordinal="2" offset="10" sl="48" sc="33" el="48" ec="34" bec="0" bev="0" fileid="27" />
              </SequencePoints>
              <BranchPoints />
              <MethodPoint xsi:type="SequencePoint" vc="0" uspid="1703" ordinal="0" offset="0" sl="48" sc="17" el="48" ec="18" bec="0" bev="0" fileid="27" />
            </Method>
            <Method visited="false" cyclomaticComplexity="1" nPathComplexity="0" sequenceCoverage="0" branchCoverage="0" crapScore="2" isConstructor="true" isStatic="false" isGetter="false" isSetter="false">
              <Summary numSequencePoints="8" visitedSequencePoints="0" numBranchPoints="1" visitedBranchPoints="0" sequenceCoverage="0" branchCoverage="0" maxCyclomaticComplexity="1" minCyclomaticComplexity="1" maxCrapScore="2" minCrapScore="2" visitedClasses="0" numClasses="0" visitedMethods="0" numMethods="1" />
              <MetadataToken>100663512</MetadataToken>
              <Name>System.Void WorldOfTanks2.Debuffs.DebuffObject::.ctor(System.Single,System.Single,System.Single,System.Single,System.Int32)</Name>
              <FileRef uid="27" />
              <SequencePoints>
                <SequencePoint vc="0" uspid="1706" ordinal="0" offset="0" sl="54" sc="9" el="54" ec="89" bec="0" bev="0" fileid="27" />
                <SequencePoint vc="0" uspid="1707" ordinal="1" offset="7" sl="55" sc="9" el="55" ec="10" bec="0" bev="0" fileid="27" />
                <SequencePoint vc="0" uspid="1708" ordinal="2" offset="8" sl="56" sc="13" el="56" ec="24" bec="0" bev="0" fileid="27" />
                <SequencePoint vc="0" uspid="1709" ordinal="3" offset="15" sl="57" sc="13" el="57" ec="24" bec="0" bev="0" fileid="27" />
                <SequencePoint vc="0" uspid="1710" ordinal="4" offset="22" sl="58" sc="13" el="58" ec="34" bec="0" bev="0" fileid="27" />
                <SequencePoint vc="0" uspid="1711" ordinal="5" offset="29" sl="59" sc="13" el="59" ec="32" bec="0" bev="0" fileid="27" />
                <SequencePoint vc="0" uspid="1712" ordinal="6" offset="37" sl="60" sc="13" el="60" ec="42" bec="0" bev="0" fileid="27" />
                <SequencePoint vc="0" uspid="1713" ordinal="7" offset="45" sl="61" sc="9" el="61" ec="10" bec="0" bev="0" fileid="27" />
              </SequencePoints>
              <BranchPoints />
              <MethodPoint xsi:type="SequencePoint" vc="0" uspid="1706" ordinal="0" offset="0" sl="54" sc="9" el="54" ec="89" bec="0" bev="0" fileid="27" />
            </Method>
            <Method visited="false" cyclomaticComplexity="1" nPathComplexity="0" sequenceCoverage="0" branchCoverage="0" crapScore="2" isConstructor="false" isStatic="false" isGetter="false" isSetter="false">
              <Summary numSequencePoints="17" visitedSequencePoints="0" numBranchPoints="1" visitedBranchPoints="0" sequenceCoverage="0" branchCoverage="0" maxCyclomaticComplexity="1" minCyclomaticComplexity="1" maxCrapScore="2" minCrapScore="2" visitedClasses="0" numClasses="0" visitedMethods="0" numMethods="1" />
              <MetadataToken>100663513</MetadataToken>
              <Name>System.Void WorldOfTanks2.Debuffs.DebuffObject::Draw()</Name>
              <FileRef uid="27" />
              <SequencePoints>
                <SequencePoint vc="0" uspid="1714" ordinal="0" offset="0" sl="67" sc="9" el="67" ec="10" bec="0" bev="0" fileid="27" />
                <SequencePoint vc="0" uspid="1715" ordinal="1" offset="1" sl="70" sc="13" el="70" ec="42" bec="0" bev="0" fileid="27" />
                <SequencePoint vc="0" uspid="1716" ordinal="2" offset="22" sl="71" sc="13" el="71" ec="43" bec="0" bev="0" fileid="27" />
                <SequencePoint vc="0" uspid="1717" ordinal="3" offset="43" sl="72" sc="13" el="72" ec="44" bec="0" bev="0" fileid="27" />
                <SequencePoint vc="0" uspid="1718" ordinal="4" offset="64" sl="73" sc="13" el="73" ec="44" bec="0" bev="0" fileid="27" />
                <SequencePoint vc="0" uspid="1719" ordinal="5" offset="85" sl="75" sc="13" el="75" ec="65" bec="0" bev="0" fileid="27" />
                <SequencePoint vc="0" uspid="1720" ordinal="6" offset="107" sl="76" sc="13" el="76" ec="43" bec="0" bev="0" fileid="27" />
                <SequencePoint vc="0" uspid="1721" ordinal="7" offset="114" sl="78" sc="13" el="78" ec="32" bec="0" bev="0" fileid="27" />
                <SequencePoint vc="0" uspid="1722" ordinal="8" offset="122" sl="79" sc="13" el="79" ec="39" bec="0" bev="0" fileid="27" />
                <SequencePoint vc="0" uspid="1723" ordinal="9" offset="130" sl="80" sc="13" el="80" ec="32" bec="0" bev="0" fileid="27" />
                <SequencePoint vc="0" uspid="1724" ordinal="10" offset="138" sl="81" sc="13" el="81" ec="40" bec="0" bev="0" fileid="27" />
                <SequencePoint vc="0" uspid="1725" ordinal="11" offset="146" sl="82" sc="13" el="82" ec="32" bec="0" bev="0" fileid="27" />
                <SequencePoint vc="0" uspid="1726" ordinal="12" offset="154" sl="83" sc="13" el="83" ec="40" bec="0" bev="0" fileid="27" />
                <SequencePoint vc="0" uspid="1727" ordinal="13" offset="162" sl="84" sc="13" el="84" ec="32" bec="0" bev="0" fileid="27" />
                <SequencePoint vc="0" uspid="1728" ordinal="14" offset="170" sl="85" sc="13" el="85" ec="39" bec="0" bev="0" fileid="27" />
                <SequencePoint vc="0" uspid="1729" ordinal="15" offset="178" sl="87" sc="13" el="87" ec="22" bec="0" bev="0" fileid="27" />
                <SequencePoint vc="0" uspid="1730" ordinal="16" offset="184" sl="88" sc="9" el="88" ec="10" bec="0" bev="0" fileid="27" />
              </SequencePoints>
              <BranchPoints />
              <MethodPoint xsi:type="SequencePoint" vc="0" uspid="1714" ordinal="0" offset="0" sl="67" sc="9" el="67" ec="10" bec="0" bev="0" fileid="27" />
            </Method>
          </Methods>
        </Class>
      </Classes>
    </Module>
  </Modules>
</CoverageSession>